2019-09-19 12:55:04,346 [INFO] - com.aiop.lda.controller.AgentRestController.querytopic(AgentRestController.java:182) - querytopic start
2019-09-19 12:55:04,346 [INFO] - com.aiop.lda.controller.AgentRestController.queryNum(AgentRestController.java:173) - /queryNum start
2019-09-19 12:55:04,346 [INFO] - com.aiop.lda.controller.AgentRestController.queryPer(AgentRestController.java:166) - queryPer start
2019-09-19 12:55:04,359 [INFO] - com.aiop.lda.service.BaseConfigProperties.loadConfigFile(BaseConfigProperties.java:23) - *********************** loadConfigFile start !!!
2019-09-19 12:55:04,358 [INFO] - com.aiop.lda.service.BaseConfigProperties.loadConfigFile(BaseConfigProperties.java:23) - *********************** loadConfigFile start !!!
2019-09-19 12:55:04,369 [INFO] - com.aiop.lda.controller.AgentRestController.queryJiebaWord(AgentRestController.java:89) - queryStopWord start
2019-09-19 12:55:04,369 [INFO] - com.aiop.lda.controller.AgentRestController.queryStopWord(AgentRestController.java:74) - queryStopWord start
2019-09-19 12:55:04,373 [WARN] - com.aiop.lda.util.ElasticSearchHandler.<init>(ElasticSearchHandler.java:60) - ====ElasticSearchHandler=52.130.67.106
2019-09-19 12:55:04,819 [INFO] - org.elasticsearch.plugins.PluginsService.logPluginInfo(PluginsService.java:197) - no modules loaded
2019-09-19 12:55:04,821 [INFO] - org.elasticsearch.plugins.PluginsService.logPluginInfo(PluginsService.java:200) - loaded plugin [org.elasticsearch.index.reindex.ReindexPlugin]
2019-09-19 12:55:04,822 [INFO] - org.elasticsearch.plugins.PluginsService.logPluginInfo(PluginsService.java:200) - loaded plugin [org.elasticsearch.join.ParentJoinPlugin]
2019-09-19 12:55:04,822 [INFO] - org.elasticsearch.plugins.PluginsService.logPluginInfo(PluginsService.java:200) - loaded plugin [org.elasticsearch.percolator.PercolatorPlugin]
2019-09-19 12:55:04,822 [INFO] - org.elasticsearch.plugins.PluginsService.logPluginInfo(PluginsService.java:200) - loaded plugin [org.elasticsearch.script.mustache.MustachePlugin]
2019-09-19 12:55:04,823 [INFO] - org.elasticsearch.plugins.PluginsService.logPluginInfo(PluginsService.java:200) - loaded plugin [org.elasticsearch.transport.Netty4Plugin]
2019-09-19 12:55:06,862 [WARN] - com.aiop.lda.util.ElasticSearchHandler.<init>(ElasticSearchHandler.java:65) - ====host=52.130.67.106
2019-09-19 12:55:07,534 [WARN] - com.aiop.lda.util.ElasticSearchHandler.<init>(ElasticSearchHandler.java:67) - ====end host=52.130.67.106
2019-09-19 12:55:07,549 [INFO] - com.aiop.lda.util.ElasticSearchHandler.queryEsIndex(ElasticSearchHandler.java:210) - None of the configured nodes are available: [{#transport#-1}{s4HItagmR1C6wyOUHLhdKA}{52.130.67.106}{52.130.67.106:9300}]
org.elasticsearch.client.transport.NoNodeAvailableException: None of the configured nodes are available: [{#transport#-1}{s4HItagmR1C6wyOUHLhdKA}{52.130.67.106}{52.130.67.106:9300}]
	at org.elasticsearch.client.transport.TransportClientNodesService.ensureNodesAreAvailable(TransportClientNodesService.java:352) ~[elasticsearch-7.2.0.jar:7.2.0]
	at org.elasticsearch.client.transport.TransportClientNodesService.execute(TransportClientNodesService.java:248) ~[elasticsearch-7.2.0.jar:7.2.0]
	at org.elasticsearch.client.transport.TransportProxyClient.execute(TransportProxyClient.java:57) ~[elasticsearch-7.2.0.jar:7.2.0]
	at org.elasticsearch.client.transport.TransportClient.doExecute(TransportClient.java:384) ~[elasticsearch-7.2.0.jar:7.2.0]
	at org.elasticsearch.client.support.AbstractClient.execute(AbstractClient.java:394) ~[elasticsearch-7.2.0.jar:7.2.0]
	at org.elasticsearch.client.support.AbstractClient.execute(AbstractClient.java:383) ~[elasticsearch-7.2.0.jar:7.2.0]
	at org.elasticsearch.action.ActionRequestBuilder.execute(ActionRequestBuilder.java:45) ~[elasticsearch-7.2.0.jar:7.2.0]
	at com.aiop.lda.util.ElasticSearchHandler.queryEsIndex(ElasticSearchHandler.java:203) [classes/:?]
	at com.aiop.lda.service.LdaService.queryData(LdaService.java:59) [classes/:?]
	at com.aiop.lda.controller.AgentRestController.queryStopWord(AgentRestController.java:77) [classes/:?]
	at sun.reflect.NativeMethodAccessorImpl.invoke0(Native Method) ~[?:1.8.0_191]
	at sun.reflect.NativeMethodAccessorImpl.invoke(NativeMethodAccessorImpl.java:62) ~[?:1.8.0_191]
	at sun.reflect.DelegatingMethodAccessorImpl.invoke(DelegatingMethodAccessorImpl.java:43) ~[?:1.8.0_191]
	at java.lang.reflect.Method.invoke(Method.java:498) ~[?:1.8.0_191]
	at org.springframework.web.method.support.InvocableHandlerMethod.doInvoke(InvocableHandlerMethod.java:205) [spring-web-4.3.10.RELEASE.jar:4.3.10.RELEASE]
	at org.springframework.web.method.support.InvocableHandlerMethod.invokeForRequest(InvocableHandlerMethod.java:133) [spring-web-4.3.10.RELEASE.jar:4.3.10.RELEASE]
	at org.springframework.web.servlet.mvc.method.annotation.ServletInvocableHandlerMethod.invokeAndHandle(ServletInvocableHandlerMethod.java:97) [spring-webmvc-4.3.10.RELEASE.jar:4.3.10.RELEASE]
	at org.springframework.web.servlet.mvc.method.annotation.RequestMappingHandlerAdapter.invokeHandlerMethod(RequestMappingHandlerAdapter.java:827) [spring-webmvc-4.3.10.RELEASE.jar:4.3.10.RELEASE]
	at org.springframework.web.servlet.mvc.method.annotation.RequestMappingHandlerAdapter.handleInternal(RequestMappingHandlerAdapter.java:738) [spring-webmvc-4.3.10.RELEASE.jar:4.3.10.RELEASE]
	at org.springframework.web.servlet.mvc.method.AbstractHandlerMethodAdapter.handle(AbstractHandlerMethodAdapter.java:85) [spring-webmvc-4.3.10.RELEASE.jar:4.3.10.RELEASE]
	at org.springframework.web.servlet.DispatcherServlet.doDispatch(DispatcherServlet.java:967) [spring-webmvc-4.3.10.RELEASE.jar:4.3.10.RELEASE]
	at org.springframework.web.servlet.DispatcherServlet.doService(DispatcherServlet.java:901) [spring-webmvc-4.3.10.RELEASE.jar:4.3.10.RELEASE]
	at org.springframework.web.servlet.FrameworkServlet.processRequest(FrameworkServlet.java:970) [spring-webmvc-4.3.10.RELEASE.jar:4.3.10.RELEASE]
	at org.springframework.web.servlet.FrameworkServlet.doPost(FrameworkServlet.java:872) [spring-webmvc-4.3.10.RELEASE.jar:4.3.10.RELEASE]
	at javax.servlet.http.HttpServlet.service(HttpServlet.java:661) [tomcat-embed-core-8.5.16.jar:8.5.16]
	at org.springframework.web.servlet.FrameworkServlet.service(FrameworkServlet.java:846) [spring-webmvc-4.3.10.RELEASE.jar:4.3.10.RELEASE]
	at javax.servlet.http.HttpServlet.service(HttpServlet.java:742) [tomcat-embed-core-8.5.16.jar:8.5.16]
	at org.apache.catalina.core.ApplicationFilterChain.internalDoFilter(ApplicationFilterChain.java:231) [tomcat-embed-core-8.5.16.jar:8.5.16]
	at org.apache.catalina.core.ApplicationFilterChain.doFilter(ApplicationFilterChain.java:166) [tomcat-embed-core-8.5.16.jar:8.5.16]
	at org.apache.tomcat.websocket.server.WsFilter.doFilter(WsFilter.java:52) [tomcat-embed-websocket-8.5.16.jar:8.5.16]
	at org.apache.catalina.core.ApplicationFilterChain.internalDoFilter(ApplicationFilterChain.java:193) [tomcat-embed-core-8.5.16.jar:8.5.16]
	at org.apache.catalina.core.ApplicationFilterChain.doFilter(ApplicationFilterChain.java:166) [tomcat-embed-core-8.5.16.jar:8.5.16]
	at org.springframework.web.filter.RequestContextFilter.doFilterInternal(RequestContextFilter.java:99) [spring-web-4.3.10.RELEASE.jar:4.3.10.RELEASE]
	at org.springframework.web.filter.OncePerRequestFilter.doFilter(OncePerRequestFilter.java:107) [spring-web-4.3.10.RELEASE.jar:4.3.10.RELEASE]
	at org.apache.catalina.core.ApplicationFilterChain.internalDoFilter(ApplicationFilterChain.java:193) [tomcat-embed-core-8.5.16.jar:8.5.16]
	at org.apache.catalina.core.ApplicationFilterChain.doFilter(ApplicationFilterChain.java:166) [tomcat-embed-core-8.5.16.jar:8.5.16]
	at org.springframework.web.filter.HttpPutFormContentFilter.doFilterInternal(HttpPutFormContentFilter.java:105) [spring-web-4.3.10.RELEASE.jar:4.3.10.RELEASE]
	at org.springframework.web.filter.OncePerRequestFilter.doFilter(OncePerRequestFilter.java:107) [spring-web-4.3.10.RELEASE.jar:4.3.10.RELEASE]
	at org.apache.catalina.core.ApplicationFilterChain.internalDoFilter(ApplicationFilterChain.java:193) [tomcat-embed-core-8.5.16.jar:8.5.16]
	at org.apache.catalina.core.ApplicationFilterChain.doFilter(ApplicationFilterChain.java:166) [tomcat-embed-core-8.5.16.jar:8.5.16]
	at org.springframework.web.filter.HiddenHttpMethodFilter.doFilterInternal(HiddenHttpMethodFilter.java:81) [spring-web-4.3.10.RELEASE.jar:4.3.10.RELEASE]
	at org.springframework.web.filter.OncePerRequestFilter.doFilter(OncePerRequestFilter.java:107) [spring-web-4.3.10.RELEASE.jar:4.3.10.RELEASE]
	at org.apache.catalina.core.ApplicationFilterChain.internalDoFilter(ApplicationFilterChain.java:193) [tomcat-embed-core-8.5.16.jar:8.5.16]
	at org.apache.catalina.core.ApplicationFilterChain.doFilter(ApplicationFilterChain.java:166) [tomcat-embed-core-8.5.16.jar:8.5.16]
	at org.springframework.web.filter.CharacterEncodingFilter.doFilterInternal(CharacterEncodingFilter.java:197) [spring-web-4.3.10.RELEASE.jar:4.3.10.RELEASE]
	at org.springframework.web.filter.OncePerRequestFilter.doFilter(OncePerRequestFilter.java:107) [spring-web-4.3.10.RELEASE.jar:4.3.10.RELEASE]
	at org.apache.catalina.core.ApplicationFilterChain.internalDoFilter(ApplicationFilterChain.java:193) [tomcat-embed-core-8.5.16.jar:8.5.16]
	at org.apache.catalina.core.ApplicationFilterChain.doFilter(ApplicationFilterChain.java:166) [tomcat-embed-core-8.5.16.jar:8.5.16]
	at org.apache.catalina.core.StandardWrapperValve.invoke(StandardWrapperValve.java:198) [tomcat-embed-core-8.5.16.jar:8.5.16]
	at org.apache.catalina.core.StandardContextValve.invoke(StandardContextValve.java:96) [tomcat-embed-core-8.5.16.jar:8.5.16]
	at org.apache.catalina.authenticator.AuthenticatorBase.invoke(AuthenticatorBase.java:478) [tomcat-embed-core-8.5.16.jar:8.5.16]
	at org.apache.catalina.core.StandardHostValve.invoke(StandardHostValve.java:140) [tomcat-embed-core-8.5.16.jar:8.5.16]
	at org.apache.catalina.valves.ErrorReportValve.invoke(ErrorReportValve.java:80) [tomcat-embed-core-8.5.16.jar:8.5.16]
	at org.apache.catalina.core.StandardEngineValve.invoke(StandardEngineValve.java:87) [tomcat-embed-core-8.5.16.jar:8.5.16]
	at org.apache.catalina.connector.CoyoteAdapter.service(CoyoteAdapter.java:342) [tomcat-embed-core-8.5.16.jar:8.5.16]
	at org.apache.coyote.http11.Http11Processor.service(Http11Processor.java:799) [tomcat-embed-core-8.5.16.jar:8.5.16]
	at org.apache.coyote.AbstractProcessorLight.process(AbstractProcessorLight.java:66) [tomcat-embed-core-8.5.16.jar:8.5.16]
	at org.apache.coyote.AbstractProtocol$ConnectionHandler.process(AbstractProtocol.java:868) [tomcat-embed-core-8.5.16.jar:8.5.16]
	at org.apache.tomcat.util.net.NioEndpoint$SocketProcessor.doRun(NioEndpoint.java:1455) [tomcat-embed-core-8.5.16.jar:8.5.16]
	at org.apache.tomcat.util.net.SocketProcessorBase.run(SocketProcessorBase.java:49) [tomcat-embed-core-8.5.16.jar:8.5.16]
	at java.util.concurrent.ThreadPoolExecutor.runWorker(ThreadPoolExecutor.java:1149) [?:1.8.0_191]
	at java.util.concurrent.ThreadPoolExecutor$Worker.run(ThreadPoolExecutor.java:624) [?:1.8.0_191]
	at org.apache.tomcat.util.threads.TaskThread$WrappingRunnable.run(TaskThread.java:61) [tomcat-embed-core-8.5.16.jar:8.5.16]
	at java.lang.Thread.run(Thread.java:748) [?:1.8.0_191]
2019-09-19 12:55:07,549 [INFO] - com.aiop.lda.util.ElasticSearchHandler.queryEsIndex(ElasticSearchHandler.java:210) - None of the configured nodes are available: [{#transport#-1}{s4HItagmR1C6wyOUHLhdKA}{52.130.67.106}{52.130.67.106:9300}]
org.elasticsearch.client.transport.NoNodeAvailableException: None of the configured nodes are available: [{#transport#-1}{s4HItagmR1C6wyOUHLhdKA}{52.130.67.106}{52.130.67.106:9300}]
	at org.elasticsearch.client.transport.TransportClientNodesService.ensureNodesAreAvailable(TransportClientNodesService.java:352) ~[elasticsearch-7.2.0.jar:7.2.0]
	at org.elasticsearch.client.transport.TransportClientNodesService.execute(TransportClientNodesService.java:248) ~[elasticsearch-7.2.0.jar:7.2.0]
	at org.elasticsearch.client.transport.TransportProxyClient.execute(TransportProxyClient.java:57) ~[elasticsearch-7.2.0.jar:7.2.0]
	at org.elasticsearch.client.transport.TransportClient.doExecute(TransportClient.java:384) ~[elasticsearch-7.2.0.jar:7.2.0]
	at org.elasticsearch.client.support.AbstractClient.execute(AbstractClient.java:394) ~[elasticsearch-7.2.0.jar:7.2.0]
	at org.elasticsearch.client.support.AbstractClient.execute(AbstractClient.java:383) ~[elasticsearch-7.2.0.jar:7.2.0]
	at org.elasticsearch.action.ActionRequestBuilder.execute(ActionRequestBuilder.java:45) ~[elasticsearch-7.2.0.jar:7.2.0]
	at com.aiop.lda.util.ElasticSearchHandler.queryEsIndex(ElasticSearchHandler.java:203) [classes/:?]
	at com.aiop.lda.service.LdaService.queryData(LdaService.java:59) [classes/:?]
	at com.aiop.lda.controller.AgentRestController.queryJiebaWord(AgentRestController.java:92) [classes/:?]
	at sun.reflect.NativeMethodAccessorImpl.invoke0(Native Method) ~[?:1.8.0_191]
	at sun.reflect.NativeMethodAccessorImpl.invoke(NativeMethodAccessorImpl.java:62) ~[?:1.8.0_191]
	at sun.reflect.DelegatingMethodAccessorImpl.invoke(DelegatingMethodAccessorImpl.java:43) ~[?:1.8.0_191]
	at java.lang.reflect.Method.invoke(Method.java:498) ~[?:1.8.0_191]
	at org.springframework.web.method.support.InvocableHandlerMethod.doInvoke(InvocableHandlerMethod.java:205) [spring-web-4.3.10.RELEASE.jar:4.3.10.RELEASE]
	at org.springframework.web.method.support.InvocableHandlerMethod.invokeForRequest(InvocableHandlerMethod.java:133) [spring-web-4.3.10.RELEASE.jar:4.3.10.RELEASE]
	at org.springframework.web.servlet.mvc.method.annotation.ServletInvocableHandlerMethod.invokeAndHandle(ServletInvocableHandlerMethod.java:97) [spring-webmvc-4.3.10.RELEASE.jar:4.3.10.RELEASE]
	at org.springframework.web.servlet.mvc.method.annotation.RequestMappingHandlerAdapter.invokeHandlerMethod(RequestMappingHandlerAdapter.java:827) [spring-webmvc-4.3.10.RELEASE.jar:4.3.10.RELEASE]
	at org.springframework.web.servlet.mvc.method.annotation.RequestMappingHandlerAdapter.handleInternal(RequestMappingHandlerAdapter.java:738) [spring-webmvc-4.3.10.RELEASE.jar:4.3.10.RELEASE]
	at org.springframework.web.servlet.mvc.method.AbstractHandlerMethodAdapter.handle(AbstractHandlerMethodAdapter.java:85) [spring-webmvc-4.3.10.RELEASE.jar:4.3.10.RELEASE]
	at org.springframework.web.servlet.DispatcherServlet.doDispatch(DispatcherServlet.java:967) [spring-webmvc-4.3.10.RELEASE.jar:4.3.10.RELEASE]
	at org.springframework.web.servlet.DispatcherServlet.doService(DispatcherServlet.java:901) [spring-webmvc-4.3.10.RELEASE.jar:4.3.10.RELEASE]
	at org.springframework.web.servlet.FrameworkServlet.processRequest(FrameworkServlet.java:970) [spring-webmvc-4.3.10.RELEASE.jar:4.3.10.RELEASE]
	at org.springframework.web.servlet.FrameworkServlet.doPost(FrameworkServlet.java:872) [spring-webmvc-4.3.10.RELEASE.jar:4.3.10.RELEASE]
	at javax.servlet.http.HttpServlet.service(HttpServlet.java:661) [tomcat-embed-core-8.5.16.jar:8.5.16]
	at org.springframework.web.servlet.FrameworkServlet.service(FrameworkServlet.java:846) [spring-webmvc-4.3.10.RELEASE.jar:4.3.10.RELEASE]
	at javax.servlet.http.HttpServlet.service(HttpServlet.java:742) [tomcat-embed-core-8.5.16.jar:8.5.16]
	at org.apache.catalina.core.ApplicationFilterChain.internalDoFilter(ApplicationFilterChain.java:231) [tomcat-embed-core-8.5.16.jar:8.5.16]
	at org.apache.catalina.core.ApplicationFilterChain.doFilter(ApplicationFilterChain.java:166) [tomcat-embed-core-8.5.16.jar:8.5.16]
	at org.apache.tomcat.websocket.server.WsFilter.doFilter(WsFilter.java:52) [tomcat-embed-websocket-8.5.16.jar:8.5.16]
	at org.apache.catalina.core.ApplicationFilterChain.internalDoFilter(ApplicationFilterChain.java:193) [tomcat-embed-core-8.5.16.jar:8.5.16]
	at org.apache.catalina.core.ApplicationFilterChain.doFilter(ApplicationFilterChain.java:166) [tomcat-embed-core-8.5.16.jar:8.5.16]
	at org.springframework.web.filter.RequestContextFilter.doFilterInternal(RequestContextFilter.java:99) [spring-web-4.3.10.RELEASE.jar:4.3.10.RELEASE]
	at org.springframework.web.filter.OncePerRequestFilter.doFilter(OncePerRequestFilter.java:107) [spring-web-4.3.10.RELEASE.jar:4.3.10.RELEASE]
	at org.apache.catalina.core.ApplicationFilterChain.internalDoFilter(ApplicationFilterChain.java:193) [tomcat-embed-core-8.5.16.jar:8.5.16]
	at org.apache.catalina.core.ApplicationFilterChain.doFilter(ApplicationFilterChain.java:166) [tomcat-embed-core-8.5.16.jar:8.5.16]
	at org.springframework.web.filter.HttpPutFormContentFilter.doFilterInternal(HttpPutFormContentFilter.java:105) [spring-web-4.3.10.RELEASE.jar:4.3.10.RELEASE]
	at org.springframework.web.filter.OncePerRequestFilter.doFilter(OncePerRequestFilter.java:107) [spring-web-4.3.10.RELEASE.jar:4.3.10.RELEASE]
	at org.apache.catalina.core.ApplicationFilterChain.internalDoFilter(ApplicationFilterChain.java:193) [tomcat-embed-core-8.5.16.jar:8.5.16]
	at org.apache.catalina.core.ApplicationFilterChain.doFilter(ApplicationFilterChain.java:166) [tomcat-embed-core-8.5.16.jar:8.5.16]
	at org.springframework.web.filter.HiddenHttpMethodFilter.doFilterInternal(HiddenHttpMethodFilter.java:81) [spring-web-4.3.10.RELEASE.jar:4.3.10.RELEASE]
	at org.springframework.web.filter.OncePerRequestFilter.doFilter(OncePerRequestFilter.java:107) [spring-web-4.3.10.RELEASE.jar:4.3.10.RELEASE]
	at org.apache.catalina.core.ApplicationFilterChain.internalDoFilter(ApplicationFilterChain.java:193) [tomcat-embed-core-8.5.16.jar:8.5.16]
	at org.apache.catalina.core.ApplicationFilterChain.doFilter(ApplicationFilterChain.java:166) [tomcat-embed-core-8.5.16.jar:8.5.16]
	at org.springframework.web.filter.CharacterEncodingFilter.doFilterInternal(CharacterEncodingFilter.java:197) [spring-web-4.3.10.RELEASE.jar:4.3.10.RELEASE]
	at org.springframework.web.filter.OncePerRequestFilter.doFilter(OncePerRequestFilter.java:107) [spring-web-4.3.10.RELEASE.jar:4.3.10.RELEASE]
	at org.apache.catalina.core.ApplicationFilterChain.internalDoFilter(ApplicationFilterChain.java:193) [tomcat-embed-core-8.5.16.jar:8.5.16]
	at org.apache.catalina.core.ApplicationFilterChain.doFilter(ApplicationFilterChain.java:166) [tomcat-embed-core-8.5.16.jar:8.5.16]
	at org.apache.catalina.core.StandardWrapperValve.invoke(StandardWrapperValve.java:198) [tomcat-embed-core-8.5.16.jar:8.5.16]
	at org.apache.catalina.core.StandardContextValve.invoke(StandardContextValve.java:96) [tomcat-embed-core-8.5.16.jar:8.5.16]
	at org.apache.catalina.authenticator.AuthenticatorBase.invoke(AuthenticatorBase.java:478) [tomcat-embed-core-8.5.16.jar:8.5.16]
	at org.apache.catalina.core.StandardHostValve.invoke(StandardHostValve.java:140) [tomcat-embed-core-8.5.16.jar:8.5.16]
	at org.apache.catalina.valves.ErrorReportValve.invoke(ErrorReportValve.java:80) [tomcat-embed-core-8.5.16.jar:8.5.16]
	at org.apache.catalina.core.StandardEngineValve.invoke(StandardEngineValve.java:87) [tomcat-embed-core-8.5.16.jar:8.5.16]
	at org.apache.catalina.connector.CoyoteAdapter.service(CoyoteAdapter.java:342) [tomcat-embed-core-8.5.16.jar:8.5.16]
	at org.apache.coyote.http11.Http11Processor.service(Http11Processor.java:799) [tomcat-embed-core-8.5.16.jar:8.5.16]
	at org.apache.coyote.AbstractProcessorLight.process(AbstractProcessorLight.java:66) [tomcat-embed-core-8.5.16.jar:8.5.16]
	at org.apache.coyote.AbstractProtocol$ConnectionHandler.process(AbstractProtocol.java:868) [tomcat-embed-core-8.5.16.jar:8.5.16]
	at org.apache.tomcat.util.net.NioEndpoint$SocketProcessor.doRun(NioEndpoint.java:1455) [tomcat-embed-core-8.5.16.jar:8.5.16]
	at org.apache.tomcat.util.net.SocketProcessorBase.run(SocketProcessorBase.java:49) [tomcat-embed-core-8.5.16.jar:8.5.16]
	at java.util.concurrent.ThreadPoolExecutor.runWorker(ThreadPoolExecutor.java:1149) [?:1.8.0_191]
	at java.util.concurrent.ThreadPoolExecutor$Worker.run(ThreadPoolExecutor.java:624) [?:1.8.0_191]
	at org.apache.tomcat.util.threads.TaskThread$WrappingRunnable.run(TaskThread.java:61) [tomcat-embed-core-8.5.16.jar:8.5.16]
	at java.lang.Thread.run(Thread.java:748) [?:1.8.0_191]
2019-09-19 12:55:07,549 [INFO] - com.aiop.lda.util.ElasticSearchHandler.queryEsIndex(ElasticSearchHandler.java:210) - None of the configured nodes are available: [{#transport#-1}{s4HItagmR1C6wyOUHLhdKA}{52.130.67.106}{52.130.67.106:9300}]
org.elasticsearch.client.transport.NoNodeAvailableException: None of the configured nodes are available: [{#transport#-1}{s4HItagmR1C6wyOUHLhdKA}{52.130.67.106}{52.130.67.106:9300}]
	at org.elasticsearch.client.transport.TransportClientNodesService.ensureNodesAreAvailable(TransportClientNodesService.java:352) ~[elasticsearch-7.2.0.jar:7.2.0]
	at org.elasticsearch.client.transport.TransportClientNodesService.execute(TransportClientNodesService.java:248) ~[elasticsearch-7.2.0.jar:7.2.0]
	at org.elasticsearch.client.transport.TransportProxyClient.execute(TransportProxyClient.java:57) ~[elasticsearch-7.2.0.jar:7.2.0]
	at org.elasticsearch.client.transport.TransportClient.doExecute(TransportClient.java:384) ~[elasticsearch-7.2.0.jar:7.2.0]
	at org.elasticsearch.client.support.AbstractClient.execute(AbstractClient.java:394) ~[elasticsearch-7.2.0.jar:7.2.0]
	at org.elasticsearch.client.support.AbstractClient.execute(AbstractClient.java:383) ~[elasticsearch-7.2.0.jar:7.2.0]
	at org.elasticsearch.action.ActionRequestBuilder.execute(ActionRequestBuilder.java:45) ~[elasticsearch-7.2.0.jar:7.2.0]
	at com.aiop.lda.util.ElasticSearchHandler.queryEsIndex(ElasticSearchHandler.java:203) [classes/:?]
	at com.aiop.lda.service.LdaService.queryData(LdaService.java:55) [classes/:?]
	at com.aiop.lda.controller.AgentRestController.querytopic(AgentRestController.java:183) [classes/:?]
	at sun.reflect.NativeMethodAccessorImpl.invoke0(Native Method) ~[?:1.8.0_191]
	at sun.reflect.NativeMethodAccessorImpl.invoke(NativeMethodAccessorImpl.java:62) ~[?:1.8.0_191]
	at sun.reflect.DelegatingMethodAccessorImpl.invoke(DelegatingMethodAccessorImpl.java:43) ~[?:1.8.0_191]
	at java.lang.reflect.Method.invoke(Method.java:498) ~[?:1.8.0_191]
	at org.springframework.web.method.support.InvocableHandlerMethod.doInvoke(InvocableHandlerMethod.java:205) [spring-web-4.3.10.RELEASE.jar:4.3.10.RELEASE]
	at org.springframework.web.method.support.InvocableHandlerMethod.invokeForRequest(InvocableHandlerMethod.java:133) [spring-web-4.3.10.RELEASE.jar:4.3.10.RELEASE]
	at org.springframework.web.servlet.mvc.method.annotation.ServletInvocableHandlerMethod.invokeAndHandle(ServletInvocableHandlerMethod.java:97) [spring-webmvc-4.3.10.RELEASE.jar:4.3.10.RELEASE]
	at org.springframework.web.servlet.mvc.method.annotation.RequestMappingHandlerAdapter.invokeHandlerMethod(RequestMappingHandlerAdapter.java:827) [spring-webmvc-4.3.10.RELEASE.jar:4.3.10.RELEASE]
	at org.springframework.web.servlet.mvc.method.annotation.RequestMappingHandlerAdapter.handleInternal(RequestMappingHandlerAdapter.java:738) [spring-webmvc-4.3.10.RELEASE.jar:4.3.10.RELEASE]
	at org.springframework.web.servlet.mvc.method.AbstractHandlerMethodAdapter.handle(AbstractHandlerMethodAdapter.java:85) [spring-webmvc-4.3.10.RELEASE.jar:4.3.10.RELEASE]
	at org.springframework.web.servlet.DispatcherServlet.doDispatch(DispatcherServlet.java:967) [spring-webmvc-4.3.10.RELEASE.jar:4.3.10.RELEASE]
	at org.springframework.web.servlet.DispatcherServlet.doService(DispatcherServlet.java:901) [spring-webmvc-4.3.10.RELEASE.jar:4.3.10.RELEASE]
	at org.springframework.web.servlet.FrameworkServlet.processRequest(FrameworkServlet.java:970) [spring-webmvc-4.3.10.RELEASE.jar:4.3.10.RELEASE]
	at org.springframework.web.servlet.FrameworkServlet.doPost(FrameworkServlet.java:872) [spring-webmvc-4.3.10.RELEASE.jar:4.3.10.RELEASE]
	at javax.servlet.http.HttpServlet.service(HttpServlet.java:661) [tomcat-embed-core-8.5.16.jar:8.5.16]
	at org.springframework.web.servlet.FrameworkServlet.service(FrameworkServlet.java:846) [spring-webmvc-4.3.10.RELEASE.jar:4.3.10.RELEASE]
	at javax.servlet.http.HttpServlet.service(HttpServlet.java:742) [tomcat-embed-core-8.5.16.jar:8.5.16]
	at org.apache.catalina.core.ApplicationFilterChain.internalDoFilter(ApplicationFilterChain.java:231) [tomcat-embed-core-8.5.16.jar:8.5.16]
	at org.apache.catalina.core.ApplicationFilterChain.doFilter(ApplicationFilterChain.java:166) [tomcat-embed-core-8.5.16.jar:8.5.16]
	at org.apache.tomcat.websocket.server.WsFilter.doFilter(WsFilter.java:52) [tomcat-embed-websocket-8.5.16.jar:8.5.16]
	at org.apache.catalina.core.ApplicationFilterChain.internalDoFilter(ApplicationFilterChain.java:193) [tomcat-embed-core-8.5.16.jar:8.5.16]
	at org.apache.catalina.core.ApplicationFilterChain.doFilter(ApplicationFilterChain.java:166) [tomcat-embed-core-8.5.16.jar:8.5.16]
	at org.springframework.web.filter.RequestContextFilter.doFilterInternal(RequestContextFilter.java:99) [spring-web-4.3.10.RELEASE.jar:4.3.10.RELEASE]
	at org.springframework.web.filter.OncePerRequestFilter.doFilter(OncePerRequestFilter.java:107) [spring-web-4.3.10.RELEASE.jar:4.3.10.RELEASE]
	at org.apache.catalina.core.ApplicationFilterChain.internalDoFilter(ApplicationFilterChain.java:193) [tomcat-embed-core-8.5.16.jar:8.5.16]
	at org.apache.catalina.core.ApplicationFilterChain.doFilter(ApplicationFilterChain.java:166) [tomcat-embed-core-8.5.16.jar:8.5.16]
	at org.springframework.web.filter.HttpPutFormContentFilter.doFilterInternal(HttpPutFormContentFilter.java:105) [spring-web-4.3.10.RELEASE.jar:4.3.10.RELEASE]
	at org.springframework.web.filter.OncePerRequestFilter.doFilter(OncePerRequestFilter.java:107) [spring-web-4.3.10.RELEASE.jar:4.3.10.RELEASE]
	at org.apache.catalina.core.ApplicationFilterChain.internalDoFilter(ApplicationFilterChain.java:193) [tomcat-embed-core-8.5.16.jar:8.5.16]
	at org.apache.catalina.core.ApplicationFilterChain.doFilter(ApplicationFilterChain.java:166) [tomcat-embed-core-8.5.16.jar:8.5.16]
	at org.springframework.web.filter.HiddenHttpMethodFilter.doFilterInternal(HiddenHttpMethodFilter.java:81) [spring-web-4.3.10.RELEASE.jar:4.3.10.RELEASE]
	at org.springframework.web.filter.OncePerRequestFilter.doFilter(OncePerRequestFilter.java:107) [spring-web-4.3.10.RELEASE.jar:4.3.10.RELEASE]
	at org.apache.catalina.core.ApplicationFilterChain.internalDoFilter(ApplicationFilterChain.java:193) [tomcat-embed-core-8.5.16.jar:8.5.16]
	at org.apache.catalina.core.ApplicationFilterChain.doFilter(ApplicationFilterChain.java:166) [tomcat-embed-core-8.5.16.jar:8.5.16]
	at org.springframework.web.filter.CharacterEncodingFilter.doFilterInternal(CharacterEncodingFilter.java:197) [spring-web-4.3.10.RELEASE.jar:4.3.10.RELEASE]
	at org.springframework.web.filter.OncePerRequestFilter.doFilter(OncePerRequestFilter.java:107) [spring-web-4.3.10.RELEASE.jar:4.3.10.RELEASE]
	at org.apache.catalina.core.ApplicationFilterChain.internalDoFilter(ApplicationFilterChain.java:193) [tomcat-embed-core-8.5.16.jar:8.5.16]
	at org.apache.catalina.core.ApplicationFilterChain.doFilter(ApplicationFilterChain.java:166) [tomcat-embed-core-8.5.16.jar:8.5.16]
	at org.apache.catalina.core.StandardWrapperValve.invoke(StandardWrapperValve.java:198) [tomcat-embed-core-8.5.16.jar:8.5.16]
	at org.apache.catalina.core.StandardContextValve.invoke(StandardContextValve.java:96) [tomcat-embed-core-8.5.16.jar:8.5.16]
	at org.apache.catalina.authenticator.AuthenticatorBase.invoke(AuthenticatorBase.java:478) [tomcat-embed-core-8.5.16.jar:8.5.16]
	at org.apache.catalina.core.StandardHostValve.invoke(StandardHostValve.java:140) [tomcat-embed-core-8.5.16.jar:8.5.16]
	at org.apache.catalina.valves.ErrorReportValve.invoke(ErrorReportValve.java:80) [tomcat-embed-core-8.5.16.jar:8.5.16]
	at org.apache.catalina.core.StandardEngineValve.invoke(StandardEngineValve.java:87) [tomcat-embed-core-8.5.16.jar:8.5.16]
	at org.apache.catalina.connector.CoyoteAdapter.service(CoyoteAdapter.java:342) [tomcat-embed-core-8.5.16.jar:8.5.16]
	at org.apache.coyote.http11.Http11Processor.service(Http11Processor.java:799) [tomcat-embed-core-8.5.16.jar:8.5.16]
	at org.apache.coyote.AbstractProcessorLight.process(AbstractProcessorLight.java:66) [tomcat-embed-core-8.5.16.jar:8.5.16]
	at org.apache.coyote.AbstractProtocol$ConnectionHandler.process(AbstractProtocol.java:868) [tomcat-embed-core-8.5.16.jar:8.5.16]
	at org.apache.tomcat.util.net.NioEndpoint$SocketProcessor.doRun(NioEndpoint.java:1455) [tomcat-embed-core-8.5.16.jar:8.5.16]
	at org.apache.tomcat.util.net.SocketProcessorBase.run(SocketProcessorBase.java:49) [tomcat-embed-core-8.5.16.jar:8.5.16]
	at java.util.concurrent.ThreadPoolExecutor.runWorker(ThreadPoolExecutor.java:1149) [?:1.8.0_191]
	at java.util.concurrent.ThreadPoolExecutor$Worker.run(ThreadPoolExecutor.java:624) [?:1.8.0_191]
	at org.apache.tomcat.util.threads.TaskThread$WrappingRunnable.run(TaskThread.java:61) [tomcat-embed-core-8.5.16.jar:8.5.16]
	at java.lang.Thread.run(Thread.java:748) [?:1.8.0_191]
2019-09-19 12:55:21,495 [INFO] - com.aiop.lda.controller.AgentRestController.queryPer(AgentRestController.java:166) - queryPer start
2019-09-19 12:55:21,498 [INFO] - com.aiop.lda.controller.AgentRestController.queryNum(AgentRestController.java:173) - /queryNum start
2019-09-19 12:55:21,513 [INFO] - com.aiop.lda.controller.AgentRestController.querytopic(AgentRestController.java:182) - querytopic start
2019-09-19 12:55:21,515 [INFO] - com.aiop.lda.controller.AgentRestController.queryStopWord(AgentRestController.java:74) - queryStopWord start
2019-09-19 12:55:21,518 [INFO] - com.aiop.lda.controller.AgentRestController.queryJiebaWord(AgentRestController.java:89) - queryStopWord start
2019-09-19 12:55:42,624 [INFO] - com.aiop.lda.controller.AgentRestController.querylog(AgentRestController.java:146) - querylog start
2019-09-19 12:55:42,625 [INFO] - com.aiop.lda.controller.AgentRestController.querylog(AgentRestController.java:146) - querylog start
2019-09-19 12:55:46,282 [INFO] - com.aiop.lda.controller.AgentRestController.queryPer(AgentRestController.java:166) - queryPer start
2019-09-19 12:55:46,281 [INFO] - com.aiop.lda.controller.AgentRestController.queryNum(AgentRestController.java:173) - /queryNum start
2019-09-19 12:55:46,545 [INFO] - com.aiop.lda.controller.AgentRestController.querytopic(AgentRestController.java:182) - querytopic start
2019-09-19 12:55:46,549 [INFO] - com.aiop.lda.controller.AgentRestController.queryJiebaWord(AgentRestController.java:89) - queryStopWord start
2019-09-19 12:55:46,545 [INFO] - com.aiop.lda.controller.AgentRestController.queryStopWord(AgentRestController.java:74) - queryStopWord start
2019-09-19 12:56:40,303 [INFO] - com.aiop.lda.controller.AgentRestController.queryPer(AgentRestController.java:166) - queryPer start
2019-09-19 12:56:40,308 [INFO] - com.aiop.lda.controller.AgentRestController.queryNum(AgentRestController.java:173) - /queryNum start
2019-09-19 12:56:40,319 [INFO] - com.aiop.lda.controller.AgentRestController.querytopic(AgentRestController.java:182) - querytopic start
2019-09-19 12:56:40,328 [INFO] - com.aiop.lda.controller.AgentRestController.queryStopWord(AgentRestController.java:74) - queryStopWord start
2019-09-19 12:56:40,334 [INFO] - com.aiop.lda.controller.AgentRestController.queryJiebaWord(AgentRestController.java:89) - queryStopWord start
2019-09-19 13:10:33,485 [INFO] - com.aiop.lda.controller.AgentRestController.querylog(AgentRestController.java:146) - querylog start
2019-09-19 13:10:33,489 [INFO] - com.aiop.lda.controller.AgentRestController.querylog(AgentRestController.java:146) - querylog start
2019-09-19 13:10:36,087 [INFO] - com.aiop.lda.controller.AgentRestController.queryPer(AgentRestController.java:166) - queryPer start
2019-09-19 13:10:36,093 [INFO] - com.aiop.lda.controller.AgentRestController.queryNum(AgentRestController.java:173) - /queryNum start
2019-09-19 13:10:36,104 [INFO] - com.aiop.lda.controller.AgentRestController.querytopic(AgentRestController.java:182) - querytopic start
2019-09-19 13:10:36,112 [INFO] - com.aiop.lda.controller.AgentRestController.queryStopWord(AgentRestController.java:74) - queryStopWord start
2019-09-19 13:10:36,115 [INFO] - com.aiop.lda.controller.AgentRestController.queryJiebaWord(AgentRestController.java:89) - queryStopWord start
2019-09-19 13:13:02,268 [WARN] - org.elasticsearch.transport.TcpTransport.onException(TcpTransport.java:611) - exception caught on transport layer [Netty4TcpChannel{localAddress=/192.168.43.136:59495, remoteAddress=/52.130.67.106:9300}], closing connection
java.io.IOException: 远程主机强迫关闭了一个现有的连接。
	at sun.nio.ch.SocketDispatcher.read0(Native Method) ~[?:1.8.0_191]
	at sun.nio.ch.SocketDispatcher.read(SocketDispatcher.java:43) ~[?:1.8.0_191]
	at sun.nio.ch.IOUtil.readIntoNativeBuffer(IOUtil.java:223) ~[?:1.8.0_191]
	at sun.nio.ch.IOUtil.read(IOUtil.java:197) ~[?:1.8.0_191]
	at sun.nio.ch.SocketChannelImpl.read(SocketChannelImpl.java:380) ~[?:1.8.0_191]
	at io.netty.buffer.PooledHeapByteBuf.setBytes(PooledHeapByteBuf.java:261) ~[netty-buffer-4.1.35.Final.jar:4.1.35.Final]
	at io.netty.buffer.AbstractByteBuf.writeBytes(AbstractByteBuf.java:1125) ~[netty-buffer-4.1.35.Final.jar:4.1.35.Final]
	at io.netty.channel.socket.nio.NioSocketChannel.doReadBytes(NioSocketChannel.java:347) ~[netty-transport-4.1.35.Final.jar:4.1.35.Final]
	at io.netty.channel.nio.AbstractNioByteChannel$NioByteUnsafe.read(AbstractNioByteChannel.java:148) [netty-transport-4.1.35.Final.jar:4.1.35.Final]
	at io.netty.channel.nio.NioEventLoop.processSelectedKey(NioEventLoop.java:682) [netty-transport-4.1.35.Final.jar:4.1.35.Final]
	at io.netty.channel.nio.NioEventLoop.processSelectedKeysPlain(NioEventLoop.java:582) [netty-transport-4.1.35.Final.jar:4.1.35.Final]
	at io.netty.channel.nio.NioEventLoop.processSelectedKeys(NioEventLoop.java:536) [netty-transport-4.1.35.Final.jar:4.1.35.Final]
	at io.netty.channel.nio.NioEventLoop.run(NioEventLoop.java:496) [netty-transport-4.1.35.Final.jar:4.1.35.Final]
	at io.netty.util.concurrent.SingleThreadEventExecutor$5.run(SingleThreadEventExecutor.java:906) [netty-common-4.1.35.Final.jar:4.1.35.Final]
	at io.netty.util.internal.ThreadExecutorMap$2.run(ThreadExecutorMap.java:74) [netty-common-4.1.35.Final.jar:4.1.35.Final]
	at java.lang.Thread.run(Thread.java:748) [?:1.8.0_191]
2019-09-19 13:13:02,294 [WARN] - org.elasticsearch.transport.TcpTransport.onException(TcpTransport.java:611) - exception caught on transport layer [Netty4TcpChannel{localAddress=/192.168.43.136:59484, remoteAddress=/52.130.67.106:9300}], closing connection
java.io.IOException: 远程主机强迫关闭了一个现有的连接。
	at sun.nio.ch.SocketDispatcher.read0(Native Method) ~[?:1.8.0_191]
	at sun.nio.ch.SocketDispatcher.read(SocketDispatcher.java:43) ~[?:1.8.0_191]
	at sun.nio.ch.IOUtil.readIntoNativeBuffer(IOUtil.java:223) ~[?:1.8.0_191]
	at sun.nio.ch.IOUtil.read(IOUtil.java:197) ~[?:1.8.0_191]
	at sun.nio.ch.SocketChannelImpl.read(SocketChannelImpl.java:380) ~[?:1.8.0_191]
	at io.netty.buffer.PooledHeapByteBuf.setBytes(PooledHeapByteBuf.java:261) ~[netty-buffer-4.1.35.Final.jar:4.1.35.Final]
	at io.netty.buffer.AbstractByteBuf.writeBytes(AbstractByteBuf.java:1125) ~[netty-buffer-4.1.35.Final.jar:4.1.35.Final]
	at io.netty.channel.socket.nio.NioSocketChannel.doReadBytes(NioSocketChannel.java:347) ~[netty-transport-4.1.35.Final.jar:4.1.35.Final]
	at io.netty.channel.nio.AbstractNioByteChannel$NioByteUnsafe.read(AbstractNioByteChannel.java:148) [netty-transport-4.1.35.Final.jar:4.1.35.Final]
	at io.netty.channel.nio.NioEventLoop.processSelectedKey(NioEventLoop.java:682) [netty-transport-4.1.35.Final.jar:4.1.35.Final]
	at io.netty.channel.nio.NioEventLoop.processSelectedKeysPlain(NioEventLoop.java:582) [netty-transport-4.1.35.Final.jar:4.1.35.Final]
	at io.netty.channel.nio.NioEventLoop.processSelectedKeys(NioEventLoop.java:536) [netty-transport-4.1.35.Final.jar:4.1.35.Final]
	at io.netty.channel.nio.NioEventLoop.run(NioEventLoop.java:496) [netty-transport-4.1.35.Final.jar:4.1.35.Final]
	at io.netty.util.concurrent.SingleThreadEventExecutor$5.run(SingleThreadEventExecutor.java:906) [netty-common-4.1.35.Final.jar:4.1.35.Final]
	at io.netty.util.internal.ThreadExecutorMap$2.run(ThreadExecutorMap.java:74) [netty-common-4.1.35.Final.jar:4.1.35.Final]
	at java.lang.Thread.run(Thread.java:748) [?:1.8.0_191]
2019-09-19 13:13:02,268 [WARN] - org.elasticsearch.transport.TcpTransport.onException(TcpTransport.java:611) - exception caught on transport layer [Netty4TcpChannel{localAddress=/192.168.43.136:59496, remoteAddress=/52.130.67.106:9300}], closing connection
java.io.IOException: 远程主机强迫关闭了一个现有的连接。
	at sun.nio.ch.SocketDispatcher.read0(Native Method) ~[?:1.8.0_191]
	at sun.nio.ch.SocketDispatcher.read(SocketDispatcher.java:43) ~[?:1.8.0_191]
	at sun.nio.ch.IOUtil.readIntoNativeBuffer(IOUtil.java:223) ~[?:1.8.0_191]
	at sun.nio.ch.IOUtil.read(IOUtil.java:197) ~[?:1.8.0_191]
	at sun.nio.ch.SocketChannelImpl.read(SocketChannelImpl.java:380) ~[?:1.8.0_191]
	at io.netty.buffer.PooledHeapByteBuf.setBytes(PooledHeapByteBuf.java:261) ~[netty-buffer-4.1.35.Final.jar:4.1.35.Final]
	at io.netty.buffer.AbstractByteBuf.writeBytes(AbstractByteBuf.java:1125) ~[netty-buffer-4.1.35.Final.jar:4.1.35.Final]
	at io.netty.channel.socket.nio.NioSocketChannel.doReadBytes(NioSocketChannel.java:347) ~[netty-transport-4.1.35.Final.jar:4.1.35.Final]
	at io.netty.channel.nio.AbstractNioByteChannel$NioByteUnsafe.read(AbstractNioByteChannel.java:148) [netty-transport-4.1.35.Final.jar:4.1.35.Final]
	at io.netty.channel.nio.NioEventLoop.processSelectedKey(NioEventLoop.java:682) [netty-transport-4.1.35.Final.jar:4.1.35.Final]
	at io.netty.channel.nio.NioEventLoop.processSelectedKeysPlain(NioEventLoop.java:582) [netty-transport-4.1.35.Final.jar:4.1.35.Final]
	at io.netty.channel.nio.NioEventLoop.processSelectedKeys(NioEventLoop.java:536) [netty-transport-4.1.35.Final.jar:4.1.35.Final]
	at io.netty.channel.nio.NioEventLoop.run(NioEventLoop.java:496) [netty-transport-4.1.35.Final.jar:4.1.35.Final]
	at io.netty.util.concurrent.SingleThreadEventExecutor$5.run(SingleThreadEventExecutor.java:906) [netty-common-4.1.35.Final.jar:4.1.35.Final]
	at io.netty.util.internal.ThreadExecutorMap$2.run(ThreadExecutorMap.java:74) [netty-common-4.1.35.Final.jar:4.1.35.Final]
	at java.lang.Thread.run(Thread.java:748) [?:1.8.0_191]
2019-09-19 13:13:02,268 [WARN] - org.elasticsearch.transport.TcpTransport.onException(TcpTransport.java:611) - exception caught on transport layer [Netty4TcpChannel{localAddress=/192.168.43.136:59494, remoteAddress=/52.130.67.106:9300}], closing connection
java.io.IOException: 远程主机强迫关闭了一个现有的连接。
	at sun.nio.ch.SocketDispatcher.read0(Native Method) ~[?:1.8.0_191]
	at sun.nio.ch.SocketDispatcher.read(SocketDispatcher.java:43) ~[?:1.8.0_191]
	at sun.nio.ch.IOUtil.readIntoNativeBuffer(IOUtil.java:223) ~[?:1.8.0_191]
	at sun.nio.ch.IOUtil.read(IOUtil.java:197) ~[?:1.8.0_191]
	at sun.nio.ch.SocketChannelImpl.read(SocketChannelImpl.java:380) ~[?:1.8.0_191]
	at io.netty.buffer.PooledHeapByteBuf.setBytes(PooledHeapByteBuf.java:261) ~[netty-buffer-4.1.35.Final.jar:4.1.35.Final]
	at io.netty.buffer.AbstractByteBuf.writeBytes(AbstractByteBuf.java:1125) ~[netty-buffer-4.1.35.Final.jar:4.1.35.Final]
	at io.netty.channel.socket.nio.NioSocketChannel.doReadBytes(NioSocketChannel.java:347) ~[netty-transport-4.1.35.Final.jar:4.1.35.Final]
	at io.netty.channel.nio.AbstractNioByteChannel$NioByteUnsafe.read(AbstractNioByteChannel.java:148) [netty-transport-4.1.35.Final.jar:4.1.35.Final]
	at io.netty.channel.nio.NioEventLoop.processSelectedKey(NioEventLoop.java:682) [netty-transport-4.1.35.Final.jar:4.1.35.Final]
	at io.netty.channel.nio.NioEventLoop.processSelectedKeysPlain(NioEventLoop.java:582) [netty-transport-4.1.35.Final.jar:4.1.35.Final]
	at io.netty.channel.nio.NioEventLoop.processSelectedKeys(NioEventLoop.java:536) [netty-transport-4.1.35.Final.jar:4.1.35.Final]
	at io.netty.channel.nio.NioEventLoop.run(NioEventLoop.java:496) [netty-transport-4.1.35.Final.jar:4.1.35.Final]
	at io.netty.util.concurrent.SingleThreadEventExecutor$5.run(SingleThreadEventExecutor.java:906) [netty-common-4.1.35.Final.jar:4.1.35.Final]
	at io.netty.util.internal.ThreadExecutorMap$2.run(ThreadExecutorMap.java:74) [netty-common-4.1.35.Final.jar:4.1.35.Final]
	at java.lang.Thread.run(Thread.java:748) [?:1.8.0_191]
2019-09-19 13:47:05,802 [INFO] - com.aiop.lda.controller.AgentRestController.querylog(AgentRestController.java:146) - querylog start
2019-09-19 13:47:05,807 [INFO] - com.aiop.lda.controller.AgentRestController.querylog(AgentRestController.java:146) - querylog start
2019-09-19 13:47:18,866 [INFO] - com.aiop.lda.controller.AgentRestController.querylog(AgentRestController.java:146) - querylog start
2019-09-19 13:47:18,876 [INFO] - com.aiop.lda.controller.AgentRestController.querylog(AgentRestController.java:146) - querylog start
2019-09-19 13:47:20,472 [INFO] - com.aiop.lda.controller.AgentRestController.queryPer(AgentRestController.java:166) - queryPer start
2019-09-19 13:47:20,478 [INFO] - com.aiop.lda.controller.AgentRestController.queryNum(AgentRestController.java:173) - /queryNum start
2019-09-19 13:47:20,486 [INFO] - com.aiop.lda.controller.AgentRestController.querytopic(AgentRestController.java:182) - querytopic start
2019-09-19 13:47:20,509 [INFO] - com.aiop.lda.controller.AgentRestController.queryJiebaWord(AgentRestController.java:89) - queryStopWord start
2019-09-19 13:47:20,514 [INFO] - com.aiop.lda.controller.AgentRestController.queryStopWord(AgentRestController.java:74) - queryStopWord start
2019-09-19 13:49:18,281 [INFO] - com.aiop.lda.controller.AgentRestController.queryPer(AgentRestController.java:166) - queryPer start
2019-09-19 13:49:18,286 [INFO] - com.aiop.lda.controller.AgentRestController.queryNum(AgentRestController.java:173) - /queryNum start
2019-09-19 13:49:18,298 [INFO] - com.aiop.lda.controller.AgentRestController.querytopic(AgentRestController.java:182) - querytopic start
2019-09-19 13:49:18,302 [INFO] - com.aiop.lda.controller.AgentRestController.queryStopWord(AgentRestController.java:74) - queryStopWord start
2019-09-19 13:49:18,303 [INFO] - com.aiop.lda.controller.AgentRestController.queryJiebaWord(AgentRestController.java:89) - queryStopWord start
2019-09-19 14:12:07,113 [INFO] - com.aiop.lda.controller.AgentRestController.queryPer(AgentRestController.java:166) - queryPer start
2019-09-19 14:12:07,128 [INFO] - com.aiop.lda.controller.AgentRestController.queryNum(AgentRestController.java:173) - /queryNum start
2019-09-19 14:12:07,139 [INFO] - com.aiop.lda.controller.AgentRestController.querytopic(AgentRestController.java:182) - querytopic start
2019-09-19 14:12:07,141 [INFO] - com.aiop.lda.controller.AgentRestController.queryStopWord(AgentRestController.java:74) - queryStopWord start
2019-09-19 14:12:07,149 [INFO] - com.aiop.lda.controller.AgentRestController.queryJiebaWord(AgentRestController.java:89) - queryStopWord start
2019-09-19 14:12:30,438 [INFO] - com.aiop.lda.controller.AgentRestController.querylog(AgentRestController.java:146) - querylog start
2019-09-19 14:12:30,441 [INFO] - com.aiop.lda.controller.AgentRestController.querylog(AgentRestController.java:146) - querylog start
2019-09-19 14:12:49,693 [INFO] - com.aiop.lda.controller.AgentRestController.queryPer(AgentRestController.java:166) - queryPer start
2019-09-19 14:12:49,697 [INFO] - com.aiop.lda.controller.AgentRestController.queryNum(AgentRestController.java:173) - /queryNum start
2019-09-19 14:12:49,709 [INFO] - com.aiop.lda.controller.AgentRestController.querytopic(AgentRestController.java:182) - querytopic start
2019-09-19 14:12:49,713 [INFO] - com.aiop.lda.controller.AgentRestController.queryStopWord(AgentRestController.java:74) - queryStopWord start
2019-09-19 14:12:49,716 [INFO] - com.aiop.lda.controller.AgentRestController.queryJiebaWord(AgentRestController.java:89) - queryStopWord start
2019-09-19 14:12:55,574 [INFO] - com.aiop.lda.controller.AgentRestController.querylog(AgentRestController.java:146) - querylog start
2019-09-19 14:12:55,576 [INFO] - com.aiop.lda.controller.AgentRestController.querylog(AgentRestController.java:146) - querylog start
2019-09-19 14:12:58,875 [INFO] - com.aiop.lda.controller.AgentRestController.queryPer(AgentRestController.java:166) - queryPer start
2019-09-19 14:12:58,878 [INFO] - com.aiop.lda.controller.AgentRestController.queryNum(AgentRestController.java:173) - /queryNum start
2019-09-19 14:12:58,890 [INFO] - com.aiop.lda.controller.AgentRestController.querytopic(AgentRestController.java:182) - querytopic start
2019-09-19 14:12:58,892 [INFO] - com.aiop.lda.controller.AgentRestController.queryStopWord(AgentRestController.java:74) - queryStopWord start
2019-09-19 14:12:58,896 [INFO] - com.aiop.lda.controller.AgentRestController.queryJiebaWord(AgentRestController.java:89) - queryStopWord start
2019-09-19 14:13:01,747 [INFO] - com.aiop.lda.controller.AgentRestController.queryNum(AgentRestController.java:173) - /queryNum start
2019-09-19 14:13:01,752 [INFO] - com.aiop.lda.controller.AgentRestController.queryPer(AgentRestController.java:166) - queryPer start
2019-09-19 14:13:01,757 [INFO] - com.aiop.lda.controller.AgentRestController.querytopic(AgentRestController.java:182) - querytopic start
2019-09-19 14:13:01,760 [INFO] - com.aiop.lda.controller.AgentRestController.queryStopWord(AgentRestController.java:74) - queryStopWord start
2019-09-19 14:13:01,762 [INFO] - com.aiop.lda.controller.AgentRestController.queryJiebaWord(AgentRestController.java:89) - queryStopWord start
2019-09-19 14:40:49,486 [INFO] - com.aiop.lda.controller.AgentRestController.queryPer(AgentRestController.java:166) - queryPer start
2019-09-19 14:40:49,507 [INFO] - com.aiop.lda.controller.AgentRestController.querytopic(AgentRestController.java:182) - querytopic start
2019-09-19 14:40:49,507 [INFO] - com.aiop.lda.controller.AgentRestController.queryNum(AgentRestController.java:173) - /queryNum start
2019-09-19 14:40:49,515 [INFO] - com.aiop.lda.controller.AgentRestController.queryStopWord(AgentRestController.java:74) - queryStopWord start
2019-09-19 14:40:49,518 [INFO] - com.aiop.lda.controller.AgentRestController.queryJiebaWord(AgentRestController.java:89) - queryStopWord start
2019-09-19 14:40:58,559 [INFO] - com.aiop.lda.controller.AgentRestController.querylog(AgentRestController.java:146) - querylog start
2019-09-19 14:40:58,562 [INFO] - com.aiop.lda.controller.AgentRestController.querylog(AgentRestController.java:146) - querylog start
2019-09-19 14:41:00,145 [INFO] - com.aiop.lda.controller.AgentRestController.querylog(AgentRestController.java:146) - querylog start
2019-09-19 14:41:00,156 [INFO] - com.aiop.lda.controller.AgentRestController.querylog(AgentRestController.java:146) - querylog start
2019-09-19 14:41:36,254 [INFO] - com.aiop.lda.controller.AgentRestController.queryPer(AgentRestController.java:166) - queryPer start
2019-09-19 14:41:36,257 [INFO] - com.aiop.lda.controller.AgentRestController.queryNum(AgentRestController.java:173) - /queryNum start
2019-09-19 14:41:36,264 [INFO] - com.aiop.lda.controller.AgentRestController.querytopic(AgentRestController.java:182) - querytopic start
2019-09-19 14:41:36,271 [INFO] - com.aiop.lda.controller.AgentRestController.queryStopWord(AgentRestController.java:74) - queryStopWord start
2019-09-19 14:41:36,277 [INFO] - com.aiop.lda.controller.AgentRestController.queryJiebaWord(AgentRestController.java:89) - queryStopWord start
2019-09-19 15:03:20,651 [INFO] - com.aiop.lda.controller.AgentRestController.queryNegWord(AgentRestController.java:114) - queryNegWord start
2019-09-19 15:03:20,657 [INFO] - com.aiop.lda.service.BaseConfigProperties.loadConfigFile(BaseConfigProperties.java:23) - *********************** loadConfigFile start !!!
2019-09-19 15:03:20,666 [WARN] - com.aiop.lda.util.ElasticSearchHandler.<init>(ElasticSearchHandler.java:60) - ====ElasticSearchHandler=52.130.67.106
2019-09-19 15:03:21,084 [INFO] - org.elasticsearch.plugins.PluginsService.logPluginInfo(PluginsService.java:197) - no modules loaded
2019-09-19 15:03:21,089 [INFO] - org.elasticsearch.plugins.PluginsService.logPluginInfo(PluginsService.java:200) - loaded plugin [org.elasticsearch.index.reindex.ReindexPlugin]
2019-09-19 15:03:21,089 [INFO] - org.elasticsearch.plugins.PluginsService.logPluginInfo(PluginsService.java:200) - loaded plugin [org.elasticsearch.join.ParentJoinPlugin]
2019-09-19 15:03:21,090 [INFO] - org.elasticsearch.plugins.PluginsService.logPluginInfo(PluginsService.java:200) - loaded plugin [org.elasticsearch.percolator.PercolatorPlugin]
2019-09-19 15:03:21,090 [INFO] - org.elasticsearch.plugins.PluginsService.logPluginInfo(PluginsService.java:200) - loaded plugin [org.elasticsearch.script.mustache.MustachePlugin]
2019-09-19 15:03:21,090 [INFO] - org.elasticsearch.plugins.PluginsService.logPluginInfo(PluginsService.java:200) - loaded plugin [org.elasticsearch.transport.Netty4Plugin]
2019-09-19 15:03:22,787 [WARN] - com.aiop.lda.util.ElasticSearchHandler.<init>(ElasticSearchHandler.java:65) - ====host=52.130.67.106
2019-09-19 15:03:23,946 [WARN] - com.aiop.lda.util.ElasticSearchHandler.<init>(ElasticSearchHandler.java:67) - ====end host=52.130.67.106
2019-09-19 15:03:39,814 [INFO] - com.aiop.lda.service.LdaService.insertBatchLineForMap(LdaService.java:124) - 插入ES:zxj_lda_word size=1
2019-09-19 15:03:46,558 [INFO] - com.aiop.lda.controller.AgentRestController.queryNegWord(AgentRestController.java:114) - queryNegWord start
2019-09-19 15:03:47,476 [INFO] - com.aiop.lda.controller.AgentRestController.queryNegWord(AgentRestController.java:114) - queryNegWord start
2019-09-19 15:04:24,567 [INFO] - com.aiop.lda.controller.AgentRestController.queryNegWord(AgentRestController.java:114) - queryNegWord start
2019-09-19 15:05:15,662 [INFO] - com.aiop.lda.service.LdaService.insertBatchLineForMap(LdaService.java:124) - 插入ES:zxj_lda_word size=1
2019-09-19 15:05:22,300 [INFO] - com.aiop.lda.controller.AgentRestController.queryNegWord(AgentRestController.java:114) - queryNegWord start
2019-09-19 15:10:02,622 [INFO] - com.aiop.lda.controller.AgentRestController.queryPer(AgentRestController.java:191) - queryPer start
2019-09-19 15:10:02,633 [INFO] - com.aiop.lda.controller.AgentRestController.queryNum(AgentRestController.java:198) - /queryNum start
2019-09-19 15:10:02,645 [INFO] - com.aiop.lda.controller.AgentRestController.querytopic(AgentRestController.java:207) - querytopic start
2019-09-19 15:10:02,661 [INFO] - com.aiop.lda.controller.AgentRestController.queryStopWord(AgentRestController.java:84) - queryStopWord start
2019-09-19 15:10:02,672 [INFO] - com.aiop.lda.controller.AgentRestController.queryJiebaWord(AgentRestController.java:99) - queryStopWord start
2019-09-19 15:10:02,684 [INFO] - com.aiop.lda.service.BaseConfigProperties.loadConfigFile(BaseConfigProperties.java:23) - *********************** loadConfigFile start !!!
2019-09-19 15:13:03,759 [INFO] - com.aiop.lda.controller.AgentRestController.queryNegWord(AgentRestController.java:114) - queryNegWord start
2019-09-19 15:13:14,715 [INFO] - com.aiop.lda.service.LdaService.insertBatchLineForMap(LdaService.java:124) - 插入ES:zxj_lda_word size=1
2019-09-19 15:13:25,378 [INFO] - com.aiop.lda.controller.AgentRestController.queryNegWord(AgentRestController.java:114) - queryNegWord start
2019-09-19 15:14:50,479 [INFO] - com.aiop.lda.service.BaseConfigProperties.loadConfigFile(BaseConfigProperties.java:23) - *********************** loadConfigFile start !!!
2019-09-19 15:14:50,499 [WARN] - com.aiop.lda.util.ElasticSearchHandler.<init>(ElasticSearchHandler.java:60) - ====ElasticSearchHandler=52.130.67.106
2019-09-19 15:14:51,427 [INFO] - org.elasticsearch.plugins.PluginsService.logPluginInfo(PluginsService.java:197) - no modules loaded
2019-09-19 15:14:51,429 [INFO] - org.elasticsearch.plugins.PluginsService.logPluginInfo(PluginsService.java:200) - loaded plugin [org.elasticsearch.index.reindex.ReindexPlugin]
2019-09-19 15:14:51,430 [INFO] - org.elasticsearch.plugins.PluginsService.logPluginInfo(PluginsService.java:200) - loaded plugin [org.elasticsearch.join.ParentJoinPlugin]
2019-09-19 15:14:51,430 [INFO] - org.elasticsearch.plugins.PluginsService.logPluginInfo(PluginsService.java:200) - loaded plugin [org.elasticsearch.percolator.PercolatorPlugin]
2019-09-19 15:14:51,431 [INFO] - org.elasticsearch.plugins.PluginsService.logPluginInfo(PluginsService.java:200) - loaded plugin [org.elasticsearch.script.mustache.MustachePlugin]
2019-09-19 15:14:51,431 [INFO] - org.elasticsearch.plugins.PluginsService.logPluginInfo(PluginsService.java:200) - loaded plugin [org.elasticsearch.transport.Netty4Plugin]
2019-09-19 15:14:54,588 [WARN] - com.aiop.lda.util.ElasticSearchHandler.<init>(ElasticSearchHandler.java:65) - ====host=52.130.67.106
2019-09-19 15:14:55,885 [WARN] - com.aiop.lda.util.ElasticSearchHandler.<init>(ElasticSearchHandler.java:67) - ====end host=52.130.67.106
2019-09-19 15:14:56,191 [INFO] - com.aiop.lda.service.LdaService.insertBatchLineForMap(LdaService.java:124) - 插入ES:zxj_lda_word size=1
2019-09-19 15:16:11,403 [INFO] - com.aiop.lda.service.LdaService.insertBatchLineForMap(LdaService.java:124) - 插入ES:zxj_lda_word size=1
2019-09-19 15:17:20,219 [INFO] - com.aiop.lda.controller.AgentRestController.queryNegWord(AgentRestController.java:114) - queryNegWord start
2019-09-19 15:17:24,840 [INFO] - com.aiop.lda.controller.AgentRestController.queryNegWord(AgentRestController.java:114) - queryNegWord start
2019-09-19 15:17:38,065 [INFO] - com.aiop.lda.controller.AgentRestController.queryNegWord(AgentRestController.java:114) - queryNegWord start
2019-09-19 15:17:46,424 [INFO] - com.aiop.lda.controller.AgentRestController.queryNegWord(AgentRestController.java:114) - queryNegWord start
2019-09-19 15:18:29,815 [INFO] - com.aiop.lda.controller.AgentRestController.queryNegWord(AgentRestController.java:114) - queryNegWord start
2019-09-19 15:18:42,892 [INFO] - com.aiop.lda.controller.AgentRestController.queryNegWord(AgentRestController.java:114) - queryNegWord start
2019-09-19 15:21:22,787 [INFO] - com.aiop.lda.controller.AgentRestController.queryNegWord(AgentRestController.java:114) - queryNegWord start
2019-09-19 15:21:37,591 [INFO] - com.aiop.lda.controller.AgentRestController.queryNegWord(AgentRestController.java:114) - queryNegWord start
2019-09-19 15:22:02,556 [INFO] - com.aiop.lda.controller.AgentRestController.queryNegWord(AgentRestController.java:114) - queryNegWord start
2019-09-19 15:22:21,450 [INFO] - com.aiop.lda.controller.AgentRestController.queryNegWord(AgentRestController.java:114) - queryNegWord start
2019-09-19 15:22:27,674 [INFO] - com.aiop.lda.service.LdaService.insertBatchLineForMap(LdaService.java:124) - 插入ES:zxj_lda_word size=1
2019-09-19 15:22:42,011 [INFO] - com.aiop.lda.controller.AgentRestController.queryNegWord(AgentRestController.java:114) - queryNegWord start
2019-09-19 15:22:49,802 [INFO] - com.aiop.lda.controller.AgentRestController.queryNegWord(AgentRestController.java:114) - queryNegWord start
2019-09-19 15:22:52,628 [INFO] - com.aiop.lda.service.LdaService.insertBatchLineForMap(LdaService.java:124) - 插入ES:zxj_lda_word size=1
2019-09-19 15:22:53,583 [INFO] - com.aiop.lda.controller.AgentRestController.queryNegWord(AgentRestController.java:114) - queryNegWord start
2019-09-19 15:23:03,306 [INFO] - com.aiop.lda.controller.AgentRestController.querylog(AgentRestController.java:171) - querylog start
2019-09-19 15:23:03,308 [INFO] - com.aiop.lda.controller.AgentRestController.querylog(AgentRestController.java:171) - querylog start
2019-09-19 15:23:05,073 [INFO] - com.aiop.lda.controller.AgentRestController.queryPer(AgentRestController.java:191) - queryPer start
2019-09-19 15:23:05,075 [INFO] - com.aiop.lda.service.BaseConfigProperties.loadConfigFile(BaseConfigProperties.java:23) - *********************** loadConfigFile start !!!
2019-09-19 15:23:05,088 [INFO] - com.aiop.lda.controller.AgentRestController.queryNum(AgentRestController.java:198) - /queryNum start
2019-09-19 15:23:05,099 [INFO] - com.aiop.lda.controller.AgentRestController.querytopic(AgentRestController.java:207) - querytopic start
2019-09-19 15:23:05,103 [INFO] - com.aiop.lda.controller.AgentRestController.queryStopWord(AgentRestController.java:84) - queryStopWord start
2019-09-19 15:23:05,113 [INFO] - com.aiop.lda.controller.AgentRestController.queryJiebaWord(AgentRestController.java:99) - queryStopWord start
2019-09-19 15:23:05,417 [INFO] - com.aiop.lda.controller.AgentRestController.queryNegWord(AgentRestController.java:114) - queryNegWord start
2019-09-19 15:24:42,399 [WARN] - org.elasticsearch.transport.TcpTransport.onException(TcpTransport.java:611) - exception caught on transport layer [Netty4TcpChannel{localAddress=/192.168.43.136:49572, remoteAddress=/52.130.67.106:9300}], closing connection
java.io.IOException: 远程主机强迫关闭了一个现有的连接。
	at sun.nio.ch.SocketDispatcher.read0(Native Method) ~[?:1.8.0_191]
	at sun.nio.ch.SocketDispatcher.read(SocketDispatcher.java:43) ~[?:1.8.0_191]
	at sun.nio.ch.IOUtil.readIntoNativeBuffer(IOUtil.java:223) ~[?:1.8.0_191]
	at sun.nio.ch.IOUtil.read(IOUtil.java:197) ~[?:1.8.0_191]
	at sun.nio.ch.SocketChannelImpl.read(SocketChannelImpl.java:380) ~[?:1.8.0_191]
	at io.netty.buffer.PooledHeapByteBuf.setBytes(PooledHeapByteBuf.java:261) ~[netty-buffer-4.1.35.Final.jar:4.1.35.Final]
	at io.netty.buffer.AbstractByteBuf.writeBytes(AbstractByteBuf.java:1125) ~[netty-buffer-4.1.35.Final.jar:4.1.35.Final]
	at io.netty.channel.socket.nio.NioSocketChannel.doReadBytes(NioSocketChannel.java:347) ~[netty-transport-4.1.35.Final.jar:4.1.35.Final]
	at io.netty.channel.nio.AbstractNioByteChannel$NioByteUnsafe.read(AbstractNioByteChannel.java:148) [netty-transport-4.1.35.Final.jar:4.1.35.Final]
	at io.netty.channel.nio.NioEventLoop.processSelectedKey(NioEventLoop.java:682) [netty-transport-4.1.35.Final.jar:4.1.35.Final]
	at io.netty.channel.nio.NioEventLoop.processSelectedKeysPlain(NioEventLoop.java:582) [netty-transport-4.1.35.Final.jar:4.1.35.Final]
	at io.netty.channel.nio.NioEventLoop.processSelectedKeys(NioEventLoop.java:536) [netty-transport-4.1.35.Final.jar:4.1.35.Final]
	at io.netty.channel.nio.NioEventLoop.run(NioEventLoop.java:496) [netty-transport-4.1.35.Final.jar:4.1.35.Final]
	at io.netty.util.concurrent.SingleThreadEventExecutor$5.run(SingleThreadEventExecutor.java:906) [netty-common-4.1.35.Final.jar:4.1.35.Final]
	at io.netty.util.internal.ThreadExecutorMap$2.run(ThreadExecutorMap.java:74) [netty-common-4.1.35.Final.jar:4.1.35.Final]
	at java.lang.Thread.run(Thread.java:748) [?:1.8.0_191]
2019-09-19 15:24:42,399 [WARN] - org.elasticsearch.transport.TcpTransport.onException(TcpTransport.java:611) - exception caught on transport layer [Netty4TcpChannel{localAddress=/192.168.43.136:49571, remoteAddress=/52.130.67.106:9300}], closing connection
java.io.IOException: 远程主机强迫关闭了一个现有的连接。
	at sun.nio.ch.SocketDispatcher.read0(Native Method) ~[?:1.8.0_191]
	at sun.nio.ch.SocketDispatcher.read(SocketDispatcher.java:43) ~[?:1.8.0_191]
	at sun.nio.ch.IOUtil.readIntoNativeBuffer(IOUtil.java:223) ~[?:1.8.0_191]
	at sun.nio.ch.IOUtil.read(IOUtil.java:197) ~[?:1.8.0_191]
	at sun.nio.ch.SocketChannelImpl.read(SocketChannelImpl.java:380) ~[?:1.8.0_191]
	at io.netty.buffer.PooledHeapByteBuf.setBytes(PooledHeapByteBuf.java:261) ~[netty-buffer-4.1.35.Final.jar:4.1.35.Final]
	at io.netty.buffer.AbstractByteBuf.writeBytes(AbstractByteBuf.java:1125) ~[netty-buffer-4.1.35.Final.jar:4.1.35.Final]
	at io.netty.channel.socket.nio.NioSocketChannel.doReadBytes(NioSocketChannel.java:347) ~[netty-transport-4.1.35.Final.jar:4.1.35.Final]
	at io.netty.channel.nio.AbstractNioByteChannel$NioByteUnsafe.read(AbstractNioByteChannel.java:148) [netty-transport-4.1.35.Final.jar:4.1.35.Final]
	at io.netty.channel.nio.NioEventLoop.processSelectedKey(NioEventLoop.java:682) [netty-transport-4.1.35.Final.jar:4.1.35.Final]
	at io.netty.channel.nio.NioEventLoop.processSelectedKeysPlain(NioEventLoop.java:582) [netty-transport-4.1.35.Final.jar:4.1.35.Final]
	at io.netty.channel.nio.NioEventLoop.processSelectedKeys(NioEventLoop.java:536) [netty-transport-4.1.35.Final.jar:4.1.35.Final]
	at io.netty.channel.nio.NioEventLoop.run(NioEventLoop.java:496) [netty-transport-4.1.35.Final.jar:4.1.35.Final]
	at io.netty.util.concurrent.SingleThreadEventExecutor$5.run(SingleThreadEventExecutor.java:906) [netty-common-4.1.35.Final.jar:4.1.35.Final]
	at io.netty.util.internal.ThreadExecutorMap$2.run(ThreadExecutorMap.java:74) [netty-common-4.1.35.Final.jar:4.1.35.Final]
	at java.lang.Thread.run(Thread.java:748) [?:1.8.0_191]
2019-09-19 15:24:42,397 [WARN] - org.elasticsearch.transport.TcpTransport.onException(TcpTransport.java:611) - exception caught on transport layer [Netty4TcpChannel{localAddress=/192.168.43.136:49565, remoteAddress=/52.130.67.106:9300}], closing connection
java.io.IOException: 远程主机强迫关闭了一个现有的连接。
	at sun.nio.ch.SocketDispatcher.read0(Native Method) ~[?:1.8.0_191]
	at sun.nio.ch.SocketDispatcher.read(SocketDispatcher.java:43) ~[?:1.8.0_191]
	at sun.nio.ch.IOUtil.readIntoNativeBuffer(IOUtil.java:223) ~[?:1.8.0_191]
	at sun.nio.ch.IOUtil.read(IOUtil.java:197) ~[?:1.8.0_191]
	at sun.nio.ch.SocketChannelImpl.read(SocketChannelImpl.java:380) ~[?:1.8.0_191]
	at io.netty.buffer.PooledHeapByteBuf.setBytes(PooledHeapByteBuf.java:261) ~[netty-buffer-4.1.35.Final.jar:4.1.35.Final]
	at io.netty.buffer.AbstractByteBuf.writeBytes(AbstractByteBuf.java:1125) ~[netty-buffer-4.1.35.Final.jar:4.1.35.Final]
	at io.netty.channel.socket.nio.NioSocketChannel.doReadBytes(NioSocketChannel.java:347) ~[netty-transport-4.1.35.Final.jar:4.1.35.Final]
	at io.netty.channel.nio.AbstractNioByteChannel$NioByteUnsafe.read(AbstractNioByteChannel.java:148) [netty-transport-4.1.35.Final.jar:4.1.35.Final]
	at io.netty.channel.nio.NioEventLoop.processSelectedKey(NioEventLoop.java:682) [netty-transport-4.1.35.Final.jar:4.1.35.Final]
	at io.netty.channel.nio.NioEventLoop.processSelectedKeysPlain(NioEventLoop.java:582) [netty-transport-4.1.35.Final.jar:4.1.35.Final]
	at io.netty.channel.nio.NioEventLoop.processSelectedKeys(NioEventLoop.java:536) [netty-transport-4.1.35.Final.jar:4.1.35.Final]
	at io.netty.channel.nio.NioEventLoop.run(NioEventLoop.java:496) [netty-transport-4.1.35.Final.jar:4.1.35.Final]
	at io.netty.util.concurrent.SingleThreadEventExecutor$5.run(SingleThreadEventExecutor.java:906) [netty-common-4.1.35.Final.jar:4.1.35.Final]
	at io.netty.util.internal.ThreadExecutorMap$2.run(ThreadExecutorMap.java:74) [netty-common-4.1.35.Final.jar:4.1.35.Final]
	at java.lang.Thread.run(Thread.java:748) [?:1.8.0_191]
2019-09-19 15:24:42,398 [WARN] - org.elasticsearch.transport.TcpTransport.onException(TcpTransport.java:611) - exception caught on transport layer [Netty4TcpChannel{localAddress=/192.168.43.136:49562, remoteAddress=/52.130.67.106:9300}], closing connection
java.io.IOException: 远程主机强迫关闭了一个现有的连接。
	at sun.nio.ch.SocketDispatcher.read0(Native Method) ~[?:1.8.0_191]
	at sun.nio.ch.SocketDispatcher.read(SocketDispatcher.java:43) ~[?:1.8.0_191]
	at sun.nio.ch.IOUtil.readIntoNativeBuffer(IOUtil.java:223) ~[?:1.8.0_191]
	at sun.nio.ch.IOUtil.read(IOUtil.java:197) ~[?:1.8.0_191]
	at sun.nio.ch.SocketChannelImpl.read(SocketChannelImpl.java:380) ~[?:1.8.0_191]
	at io.netty.buffer.PooledHeapByteBuf.setBytes(PooledHeapByteBuf.java:261) ~[netty-buffer-4.1.35.Final.jar:4.1.35.Final]
	at io.netty.buffer.AbstractByteBuf.writeBytes(AbstractByteBuf.java:1125) ~[netty-buffer-4.1.35.Final.jar:4.1.35.Final]
	at io.netty.channel.socket.nio.NioSocketChannel.doReadBytes(NioSocketChannel.java:347) ~[netty-transport-4.1.35.Final.jar:4.1.35.Final]
	at io.netty.channel.nio.AbstractNioByteChannel$NioByteUnsafe.read(AbstractNioByteChannel.java:148) [netty-transport-4.1.35.Final.jar:4.1.35.Final]
	at io.netty.channel.nio.NioEventLoop.processSelectedKey(NioEventLoop.java:682) [netty-transport-4.1.35.Final.jar:4.1.35.Final]
	at io.netty.channel.nio.NioEventLoop.processSelectedKeysPlain(NioEventLoop.java:582) [netty-transport-4.1.35.Final.jar:4.1.35.Final]
	at io.netty.channel.nio.NioEventLoop.processSelectedKeys(NioEventLoop.java:536) [netty-transport-4.1.35.Final.jar:4.1.35.Final]
	at io.netty.channel.nio.NioEventLoop.run(NioEventLoop.java:496) [netty-transport-4.1.35.Final.jar:4.1.35.Final]
	at io.netty.util.concurrent.SingleThreadEventExecutor$5.run(SingleThreadEventExecutor.java:906) [netty-common-4.1.35.Final.jar:4.1.35.Final]
	at io.netty.util.internal.ThreadExecutorMap$2.run(ThreadExecutorMap.java:74) [netty-common-4.1.35.Final.jar:4.1.35.Final]
	at java.lang.Thread.run(Thread.java:748) [?:1.8.0_191]
2019-09-19 15:24:42,397 [WARN] - org.elasticsearch.transport.TcpTransport.onException(TcpTransport.java:611) - exception caught on transport layer [Netty4TcpChannel{localAddress=/192.168.43.136:49564, remoteAddress=/52.130.67.106:9300}], closing connection
java.io.IOException: 远程主机强迫关闭了一个现有的连接。
	at sun.nio.ch.SocketDispatcher.read0(Native Method) ~[?:1.8.0_191]
	at sun.nio.ch.SocketDispatcher.read(SocketDispatcher.java:43) ~[?:1.8.0_191]
	at sun.nio.ch.IOUtil.readIntoNativeBuffer(IOUtil.java:223) ~[?:1.8.0_191]
	at sun.nio.ch.IOUtil.read(IOUtil.java:197) ~[?:1.8.0_191]
	at sun.nio.ch.SocketChannelImpl.read(SocketChannelImpl.java:380) ~[?:1.8.0_191]
	at io.netty.buffer.PooledHeapByteBuf.setBytes(PooledHeapByteBuf.java:261) ~[netty-buffer-4.1.35.Final.jar:4.1.35.Final]
	at io.netty.buffer.AbstractByteBuf.writeBytes(AbstractByteBuf.java:1125) ~[netty-buffer-4.1.35.Final.jar:4.1.35.Final]
	at io.netty.channel.socket.nio.NioSocketChannel.doReadBytes(NioSocketChannel.java:347) ~[netty-transport-4.1.35.Final.jar:4.1.35.Final]
	at io.netty.channel.nio.AbstractNioByteChannel$NioByteUnsafe.read(AbstractNioByteChannel.java:148) [netty-transport-4.1.35.Final.jar:4.1.35.Final]
	at io.netty.channel.nio.NioEventLoop.processSelectedKey(NioEventLoop.java:682) [netty-transport-4.1.35.Final.jar:4.1.35.Final]
	at io.netty.channel.nio.NioEventLoop.processSelectedKeysPlain(NioEventLoop.java:582) [netty-transport-4.1.35.Final.jar:4.1.35.Final]
	at io.netty.channel.nio.NioEventLoop.processSelectedKeys(NioEventLoop.java:536) [netty-transport-4.1.35.Final.jar:4.1.35.Final]
	at io.netty.channel.nio.NioEventLoop.run(NioEventLoop.java:496) [netty-transport-4.1.35.Final.jar:4.1.35.Final]
	at io.netty.util.concurrent.SingleThreadEventExecutor$5.run(SingleThreadEventExecutor.java:906) [netty-common-4.1.35.Final.jar:4.1.35.Final]
	at io.netty.util.internal.ThreadExecutorMap$2.run(ThreadExecutorMap.java:74) [netty-common-4.1.35.Final.jar:4.1.35.Final]
	at java.lang.Thread.run(Thread.java:748) [?:1.8.0_191]
2019-09-19 15:24:42,399 [WARN] - org.elasticsearch.transport.TcpTransport.onException(TcpTransport.java:611) - exception caught on transport layer [Netty4TcpChannel{localAddress=/192.168.43.136:49570, remoteAddress=/52.130.67.106:9300}], closing connection
java.io.IOException: 远程主机强迫关闭了一个现有的连接。
	at sun.nio.ch.SocketDispatcher.read0(Native Method) ~[?:1.8.0_191]
	at sun.nio.ch.SocketDispatcher.read(SocketDispatcher.java:43) ~[?:1.8.0_191]
	at sun.nio.ch.IOUtil.readIntoNativeBuffer(IOUtil.java:223) ~[?:1.8.0_191]
	at sun.nio.ch.IOUtil.read(IOUtil.java:197) ~[?:1.8.0_191]
	at sun.nio.ch.SocketChannelImpl.read(SocketChannelImpl.java:380) ~[?:1.8.0_191]
	at io.netty.buffer.PooledHeapByteBuf.setBytes(PooledHeapByteBuf.java:261) ~[netty-buffer-4.1.35.Final.jar:4.1.35.Final]
	at io.netty.buffer.AbstractByteBuf.writeBytes(AbstractByteBuf.java:1125) ~[netty-buffer-4.1.35.Final.jar:4.1.35.Final]
	at io.netty.channel.socket.nio.NioSocketChannel.doReadBytes(NioSocketChannel.java:347) ~[netty-transport-4.1.35.Final.jar:4.1.35.Final]
	at io.netty.channel.nio.AbstractNioByteChannel$NioByteUnsafe.read(AbstractNioByteChannel.java:148) [netty-transport-4.1.35.Final.jar:4.1.35.Final]
	at io.netty.channel.nio.NioEventLoop.processSelectedKey(NioEventLoop.java:682) [netty-transport-4.1.35.Final.jar:4.1.35.Final]
	at io.netty.channel.nio.NioEventLoop.processSelectedKeysPlain(NioEventLoop.java:582) [netty-transport-4.1.35.Final.jar:4.1.35.Final]
	at io.netty.channel.nio.NioEventLoop.processSelectedKeys(NioEventLoop.java:536) [netty-transport-4.1.35.Final.jar:4.1.35.Final]
	at io.netty.channel.nio.NioEventLoop.run(NioEventLoop.java:496) [netty-transport-4.1.35.Final.jar:4.1.35.Final]
	at io.netty.util.concurrent.SingleThreadEventExecutor$5.run(SingleThreadEventExecutor.java:906) [netty-common-4.1.35.Final.jar:4.1.35.Final]
	at io.netty.util.internal.ThreadExecutorMap$2.run(ThreadExecutorMap.java:74) [netty-common-4.1.35.Final.jar:4.1.35.Final]
	at java.lang.Thread.run(Thread.java:748) [?:1.8.0_191]
2019-09-19 15:24:42,398 [WARN] - org.elasticsearch.transport.TcpTransport.onException(TcpTransport.java:611) - exception caught on transport layer [Netty4TcpChannel{localAddress=/192.168.43.136:49567, remoteAddress=/52.130.67.106:9300}], closing connection
java.io.IOException: 远程主机强迫关闭了一个现有的连接。
	at sun.nio.ch.SocketDispatcher.read0(Native Method) ~[?:1.8.0_191]
	at sun.nio.ch.SocketDispatcher.read(SocketDispatcher.java:43) ~[?:1.8.0_191]
	at sun.nio.ch.IOUtil.readIntoNativeBuffer(IOUtil.java:223) ~[?:1.8.0_191]
	at sun.nio.ch.IOUtil.read(IOUtil.java:197) ~[?:1.8.0_191]
	at sun.nio.ch.SocketChannelImpl.read(SocketChannelImpl.java:380) ~[?:1.8.0_191]
	at io.netty.buffer.PooledHeapByteBuf.setBytes(PooledHeapByteBuf.java:261) ~[netty-buffer-4.1.35.Final.jar:4.1.35.Final]
	at io.netty.buffer.AbstractByteBuf.writeBytes(AbstractByteBuf.java:1125) ~[netty-buffer-4.1.35.Final.jar:4.1.35.Final]
	at io.netty.channel.socket.nio.NioSocketChannel.doReadBytes(NioSocketChannel.java:347) ~[netty-transport-4.1.35.Final.jar:4.1.35.Final]
	at io.netty.channel.nio.AbstractNioByteChannel$NioByteUnsafe.read(AbstractNioByteChannel.java:148) [netty-transport-4.1.35.Final.jar:4.1.35.Final]
	at io.netty.channel.nio.NioEventLoop.processSelectedKey(NioEventLoop.java:682) [netty-transport-4.1.35.Final.jar:4.1.35.Final]
	at io.netty.channel.nio.NioEventLoop.processSelectedKeysPlain(NioEventLoop.java:582) [netty-transport-4.1.35.Final.jar:4.1.35.Final]
	at io.netty.channel.nio.NioEventLoop.processSelectedKeys(NioEventLoop.java:536) [netty-transport-4.1.35.Final.jar:4.1.35.Final]
	at io.netty.channel.nio.NioEventLoop.run(NioEventLoop.java:496) [netty-transport-4.1.35.Final.jar:4.1.35.Final]
	at io.netty.util.concurrent.SingleThreadEventExecutor$5.run(SingleThreadEventExecutor.java:906) [netty-common-4.1.35.Final.jar:4.1.35.Final]
	at io.netty.util.internal.ThreadExecutorMap$2.run(ThreadExecutorMap.java:74) [netty-common-4.1.35.Final.jar:4.1.35.Final]
	at java.lang.Thread.run(Thread.java:748) [?:1.8.0_191]
2019-09-19 15:24:42,403 [WARN] - org.elasticsearch.transport.TcpTransport.onException(TcpTransport.java:611) - exception caught on transport layer [Netty4TcpChannel{localAddress=/192.168.43.136:49561, remoteAddress=/52.130.67.106:9300}], closing connection
java.io.IOException: 远程主机强迫关闭了一个现有的连接。
	at sun.nio.ch.SocketDispatcher.read0(Native Method) ~[?:1.8.0_191]
	at sun.nio.ch.SocketDispatcher.read(SocketDispatcher.java:43) ~[?:1.8.0_191]
	at sun.nio.ch.IOUtil.readIntoNativeBuffer(IOUtil.java:223) ~[?:1.8.0_191]
	at sun.nio.ch.IOUtil.read(IOUtil.java:197) ~[?:1.8.0_191]
	at sun.nio.ch.SocketChannelImpl.read(SocketChannelImpl.java:380) ~[?:1.8.0_191]
	at io.netty.buffer.PooledHeapByteBuf.setBytes(PooledHeapByteBuf.java:261) ~[netty-buffer-4.1.35.Final.jar:4.1.35.Final]
	at io.netty.buffer.AbstractByteBuf.writeBytes(AbstractByteBuf.java:1125) ~[netty-buffer-4.1.35.Final.jar:4.1.35.Final]
	at io.netty.channel.socket.nio.NioSocketChannel.doReadBytes(NioSocketChannel.java:347) ~[netty-transport-4.1.35.Final.jar:4.1.35.Final]
	at io.netty.channel.nio.AbstractNioByteChannel$NioByteUnsafe.read(AbstractNioByteChannel.java:148) [netty-transport-4.1.35.Final.jar:4.1.35.Final]
	at io.netty.channel.nio.NioEventLoop.processSelectedKey(NioEventLoop.java:682) [netty-transport-4.1.35.Final.jar:4.1.35.Final]
	at io.netty.channel.nio.NioEventLoop.processSelectedKeysPlain(NioEventLoop.java:582) [netty-transport-4.1.35.Final.jar:4.1.35.Final]
	at io.netty.channel.nio.NioEventLoop.processSelectedKeys(NioEventLoop.java:536) [netty-transport-4.1.35.Final.jar:4.1.35.Final]
	at io.netty.channel.nio.NioEventLoop.run(NioEventLoop.java:496) [netty-transport-4.1.35.Final.jar:4.1.35.Final]
	at io.netty.util.concurrent.SingleThreadEventExecutor$5.run(SingleThreadEventExecutor.java:906) [netty-common-4.1.35.Final.jar:4.1.35.Final]
	at io.netty.util.internal.ThreadExecutorMap$2.run(ThreadExecutorMap.java:74) [netty-common-4.1.35.Final.jar:4.1.35.Final]
	at java.lang.Thread.run(Thread.java:748) [?:1.8.0_191]
2019-09-19 15:36:08,599 [INFO] - com.aiop.lda.controller.AgentRestController.theme(AgentRestController.java:144) - theme start.msgtxt=我要投诉,
2019-09-19 15:36:08,614 [INFO] - com.aiop.lda.service.BaseConfigProperties.loadConfigFile(BaseConfigProperties.java:23) - *********************** loadConfigFile start !!!
2019-09-19 15:36:08,630 [WARN] - com.aiop.lda.util.ElasticSearchHandler.<init>(ElasticSearchHandler.java:60) - ====ElasticSearchHandler=52.130.67.106
2019-09-19 15:36:09,196 [INFO] - org.elasticsearch.plugins.PluginsService.logPluginInfo(PluginsService.java:197) - no modules loaded
2019-09-19 15:36:09,200 [INFO] - org.elasticsearch.plugins.PluginsService.logPluginInfo(PluginsService.java:200) - loaded plugin [org.elasticsearch.index.reindex.ReindexPlugin]
2019-09-19 15:36:09,200 [INFO] - org.elasticsearch.plugins.PluginsService.logPluginInfo(PluginsService.java:200) - loaded plugin [org.elasticsearch.join.ParentJoinPlugin]
2019-09-19 15:36:09,201 [INFO] - org.elasticsearch.plugins.PluginsService.logPluginInfo(PluginsService.java:200) - loaded plugin [org.elasticsearch.percolator.PercolatorPlugin]
2019-09-19 15:36:09,202 [INFO] - org.elasticsearch.plugins.PluginsService.logPluginInfo(PluginsService.java:200) - loaded plugin [org.elasticsearch.script.mustache.MustachePlugin]
2019-09-19 15:36:09,203 [INFO] - org.elasticsearch.plugins.PluginsService.logPluginInfo(PluginsService.java:200) - loaded plugin [org.elasticsearch.transport.Netty4Plugin]
2019-09-19 15:36:11,874 [WARN] - com.aiop.lda.util.ElasticSearchHandler.<init>(ElasticSearchHandler.java:65) - ====host=52.130.67.106
2019-09-19 15:36:12,998 [WARN] - com.aiop.lda.util.ElasticSearchHandler.<init>(ElasticSearchHandler.java:67) - ====end host=52.130.67.106
2019-09-19 15:36:16,583 [INFO] - com.aiop.lda.controller.AgentRestController.theme(AgentRestController.java:150) - theme end.result= 16%  16%  16%  16%  16%  16% 
2019-09-19 15:36:21,237 [INFO] - com.aiop.lda.controller.AgentRestController.feel(AgentRestController.java:159) - theme start.msgtxt=我要投诉,
2019-09-19 15:36:21,613 [INFO] - com.aiop.lda.service.LdaService.insertBatchLineForMap(LdaService.java:110) - 插入ES:zxj_lda_log size=1
2019-09-19 15:36:21,613 [INFO] - com.aiop.lda.controller.AgentRestController.feel(AgentRestController.java:164) - theme end.result=-100.0
2019-09-19 15:36:24,832 [INFO] - com.aiop.lda.controller.AgentRestController.queryNegWord(AgentRestController.java:114) - queryNegWord start
2019-09-19 15:36:31,399 [INFO] - com.aiop.lda.service.LdaService.insertBatchLineForMap(LdaService.java:124) - 插入ES:zxj_lda_word size=1
2019-09-19 15:36:32,882 [INFO] - com.aiop.lda.controller.AgentRestController.queryNegWord(AgentRestController.java:114) - queryNegWord start
2019-09-19 15:36:34,561 [INFO] - com.aiop.lda.controller.AgentRestController.queryPer(AgentRestController.java:191) - queryPer start
2019-09-19 15:36:34,565 [INFO] - com.aiop.lda.service.BaseConfigProperties.loadConfigFile(BaseConfigProperties.java:23) - *********************** loadConfigFile start !!!
2019-09-19 15:36:34,572 [INFO] - com.aiop.lda.controller.AgentRestController.queryNum(AgentRestController.java:198) - /queryNum start
2019-09-19 15:36:34,589 [INFO] - com.aiop.lda.controller.AgentRestController.querytopic(AgentRestController.java:207) - querytopic start
2019-09-19 15:36:34,613 [INFO] - com.aiop.lda.controller.AgentRestController.queryJiebaWord(AgentRestController.java:99) - queryStopWord start
2019-09-19 15:36:34,613 [INFO] - com.aiop.lda.controller.AgentRestController.queryStopWord(AgentRestController.java:84) - queryStopWord start
2019-09-19 15:36:43,665 [INFO] - com.aiop.lda.controller.AgentRestController.feel(AgentRestController.java:159) - theme start.msgtxt=我要投诉,
2019-09-19 15:36:43,791 [INFO] - com.aiop.lda.service.LdaService.insertBatchLineForMap(LdaService.java:110) - 插入ES:zxj_lda_log size=1
2019-09-19 15:36:43,791 [INFO] - com.aiop.lda.controller.AgentRestController.feel(AgentRestController.java:164) - theme end.result=-100.0
2019-09-19 15:38:41,186 [INFO] - com.aiop.lda.controller.AgentRestController.theme(AgentRestController.java:146) - theme start.msgtxt=我要投诉,
2019-09-19 15:38:41,192 [INFO] - com.aiop.lda.service.BaseConfigProperties.loadConfigFile(BaseConfigProperties.java:23) - *********************** loadConfigFile start !!!
2019-09-19 15:38:41,203 [WARN] - com.aiop.lda.util.ElasticSearchHandler.<init>(ElasticSearchHandler.java:60) - ====ElasticSearchHandler=52.130.67.106
2019-09-19 15:38:41,588 [INFO] - org.elasticsearch.plugins.PluginsService.logPluginInfo(PluginsService.java:197) - no modules loaded
2019-09-19 15:38:41,590 [INFO] - org.elasticsearch.plugins.PluginsService.logPluginInfo(PluginsService.java:200) - loaded plugin [org.elasticsearch.index.reindex.ReindexPlugin]
2019-09-19 15:38:41,590 [INFO] - org.elasticsearch.plugins.PluginsService.logPluginInfo(PluginsService.java:200) - loaded plugin [org.elasticsearch.join.ParentJoinPlugin]
2019-09-19 15:38:41,591 [INFO] - org.elasticsearch.plugins.PluginsService.logPluginInfo(PluginsService.java:200) - loaded plugin [org.elasticsearch.percolator.PercolatorPlugin]
2019-09-19 15:38:41,591 [INFO] - org.elasticsearch.plugins.PluginsService.logPluginInfo(PluginsService.java:200) - loaded plugin [org.elasticsearch.script.mustache.MustachePlugin]
2019-09-19 15:38:41,592 [INFO] - org.elasticsearch.plugins.PluginsService.logPluginInfo(PluginsService.java:200) - loaded plugin [org.elasticsearch.transport.Netty4Plugin]
2019-09-19 15:38:43,355 [WARN] - com.aiop.lda.util.ElasticSearchHandler.<init>(ElasticSearchHandler.java:65) - ====host=52.130.67.106
2019-09-19 15:38:44,489 [WARN] - com.aiop.lda.util.ElasticSearchHandler.<init>(ElasticSearchHandler.java:67) - ====end host=52.130.67.106
2019-09-19 15:38:47,804 [INFO] - com.aiop.lda.controller.AgentRestController.theme(AgentRestController.java:152) - theme end.result= 16%  16%  16%  16%  16%  16% 
2019-09-19 15:38:50,179 [INFO] - com.aiop.lda.controller.AgentRestController.feel(AgentRestController.java:161) - theme start.msgtxt=我要投诉,
2019-09-19 15:38:50,528 [INFO] - com.aiop.lda.service.LdaService.insertBatchLineForMap(LdaService.java:110) - 插入ES:zxj_lda_log size=1
2019-09-19 15:38:50,528 [INFO] - com.aiop.lda.controller.AgentRestController.feel(AgentRestController.java:166) - theme end.result=-90.0
2019-09-19 15:38:52,509 [INFO] - com.aiop.lda.controller.AgentRestController.queryPer(AgentRestController.java:193) - queryPer start
2019-09-19 15:38:52,510 [INFO] - com.aiop.lda.controller.AgentRestController.queryNum(AgentRestController.java:200) - /queryNum start
2019-09-19 15:38:52,512 [INFO] - com.aiop.lda.service.BaseConfigProperties.loadConfigFile(BaseConfigProperties.java:23) - *********************** loadConfigFile start !!!
2019-09-19 15:38:52,516 [INFO] - com.aiop.lda.controller.AgentRestController.querytopic(AgentRestController.java:209) - querytopic start
2019-09-19 15:38:52,519 [INFO] - com.aiop.lda.controller.AgentRestController.queryStopWord(AgentRestController.java:86) - queryStopWord start
2019-09-19 15:38:52,524 [INFO] - com.aiop.lda.controller.AgentRestController.queryJiebaWord(AgentRestController.java:101) - queryStopWord start
2019-09-19 15:38:53,987 [INFO] - com.aiop.lda.controller.AgentRestController.queryNegWord(AgentRestController.java:116) - queryNegWord start
2019-09-19 15:39:01,354 [INFO] - com.aiop.lda.service.LdaService.insertBatchLineForMap(LdaService.java:124) - 插入ES:zxj_lda_word size=1
2019-09-19 15:39:02,467 [INFO] - com.aiop.lda.controller.AgentRestController.queryNegWord(AgentRestController.java:116) - queryNegWord start
2019-09-19 15:39:11,765 [INFO] - com.aiop.lda.controller.AgentRestController.feel(AgentRestController.java:161) - theme start.msgtxt=我要投诉,
2019-09-19 15:39:11,910 [INFO] - com.aiop.lda.service.LdaService.insertBatchLineForMap(LdaService.java:110) - 插入ES:zxj_lda_log size=1
2019-09-19 15:39:11,911 [INFO] - com.aiop.lda.controller.AgentRestController.feel(AgentRestController.java:166) - theme end.result=-110.0
2019-09-19 15:39:15,702 [INFO] - com.aiop.lda.controller.AgentRestController.queryNegWord(AgentRestController.java:116) - queryNegWord start
2019-09-19 15:39:22,900 [INFO] - com.aiop.lda.service.LdaService.insertBatchLineForMap(LdaService.java:124) - 插入ES:zxj_lda_word size=1
2019-09-19 15:39:23,718 [INFO] - com.aiop.lda.controller.AgentRestController.queryNegWord(AgentRestController.java:116) - queryNegWord start
2019-09-19 15:39:25,225 [INFO] - com.aiop.lda.controller.AgentRestController.queryPer(AgentRestController.java:193) - queryPer start
2019-09-19 15:39:25,237 [INFO] - com.aiop.lda.controller.AgentRestController.queryNum(AgentRestController.java:200) - /queryNum start
2019-09-19 15:39:25,238 [INFO] - com.aiop.lda.controller.AgentRestController.querytopic(AgentRestController.java:209) - querytopic start
2019-09-19 15:39:25,244 [INFO] - com.aiop.lda.controller.AgentRestController.queryJiebaWord(AgentRestController.java:101) - queryStopWord start
2019-09-19 15:39:25,244 [INFO] - com.aiop.lda.controller.AgentRestController.queryStopWord(AgentRestController.java:86) - queryStopWord start
2019-09-19 15:39:25,971 [INFO] - com.aiop.lda.controller.AgentRestController.queryNegWord(AgentRestController.java:116) - queryNegWord start
2019-09-19 15:39:29,148 [INFO] - com.aiop.lda.controller.AgentRestController.querylog(AgentRestController.java:173) - querylog start
2019-09-19 15:39:29,153 [INFO] - com.aiop.lda.controller.AgentRestController.querylog(AgentRestController.java:173) - querylog start
2019-09-19 15:39:30,244 [INFO] - com.aiop.lda.controller.AgentRestController.queryNegWord(AgentRestController.java:116) - queryNegWord start
2019-09-19 15:39:39,586 [INFO] - com.aiop.lda.controller.AgentRestController.queryPer(AgentRestController.java:193) - queryPer start
2019-09-19 15:39:39,594 [INFO] - com.aiop.lda.controller.AgentRestController.queryNum(AgentRestController.java:200) - /queryNum start
2019-09-19 15:39:39,602 [INFO] - com.aiop.lda.controller.AgentRestController.querytopic(AgentRestController.java:209) - querytopic start
2019-09-19 15:39:39,625 [INFO] - com.aiop.lda.controller.AgentRestController.queryStopWord(AgentRestController.java:86) - queryStopWord start
2019-09-19 15:39:39,634 [INFO] - com.aiop.lda.controller.AgentRestController.queryJiebaWord(AgentRestController.java:101) - queryStopWord start
2019-09-19 15:39:40,364 [INFO] - com.aiop.lda.controller.AgentRestController.queryNegWord(AgentRestController.java:116) - queryNegWord start
2019-09-19 15:39:41,555 [INFO] - com.aiop.lda.controller.AgentRestController.queryPer(AgentRestController.java:193) - queryPer start
2019-09-19 15:39:41,555 [INFO] - com.aiop.lda.controller.AgentRestController.queryNum(AgentRestController.java:200) - /queryNum start
2019-09-19 15:39:41,567 [INFO] - com.aiop.lda.controller.AgentRestController.querytopic(AgentRestController.java:209) - querytopic start
2019-09-19 15:39:41,573 [INFO] - com.aiop.lda.controller.AgentRestController.queryStopWord(AgentRestController.java:86) - queryStopWord start
2019-09-19 15:39:41,576 [INFO] - com.aiop.lda.controller.AgentRestController.queryJiebaWord(AgentRestController.java:101) - queryStopWord start
2019-09-19 15:39:47,419 [INFO] - com.aiop.lda.controller.AgentRestController.queryNegWord(AgentRestController.java:116) - queryNegWord start
2019-09-19 15:39:49,634 [INFO] - com.aiop.lda.controller.AgentRestController.querylog(AgentRestController.java:173) - querylog start
2019-09-19 15:39:49,646 [INFO] - com.aiop.lda.controller.AgentRestController.querylog(AgentRestController.java:173) - querylog start
2019-09-19 15:39:50,330 [INFO] - com.aiop.lda.controller.AgentRestController.queryPer(AgentRestController.java:193) - queryPer start
2019-09-19 15:39:50,337 [INFO] - com.aiop.lda.controller.AgentRestController.queryNum(AgentRestController.java:200) - /queryNum start
2019-09-19 15:39:51,293 [INFO] - com.aiop.lda.controller.AgentRestController.queryStopWord(AgentRestController.java:86) - queryStopWord start
2019-09-19 15:39:51,299 [INFO] - com.aiop.lda.controller.AgentRestController.querytopic(AgentRestController.java:209) - querytopic start
2019-09-19 15:39:51,306 [INFO] - com.aiop.lda.controller.AgentRestController.queryJiebaWord(AgentRestController.java:101) - queryStopWord start
2019-09-19 15:40:50,695 [INFO] - com.aiop.lda.controller.AgentRestController.queryPer(AgentRestController.java:193) - queryPer start
2019-09-19 15:40:50,702 [INFO] - com.aiop.lda.controller.AgentRestController.queryNum(AgentRestController.java:200) - /queryNum start
2019-09-19 15:40:50,708 [INFO] - com.aiop.lda.controller.AgentRestController.querytopic(AgentRestController.java:209) - querytopic start
2019-09-19 15:40:50,708 [INFO] - com.aiop.lda.controller.AgentRestController.queryStopWord(AgentRestController.java:86) - queryStopWord start
2019-09-19 15:40:50,711 [INFO] - com.aiop.lda.controller.AgentRestController.queryJiebaWord(AgentRestController.java:101) - queryStopWord start
2019-09-19 15:40:53,988 [INFO] - com.aiop.lda.controller.AgentRestController.queryPer(AgentRestController.java:193) - queryPer start
2019-09-19 15:40:53,992 [INFO] - com.aiop.lda.controller.AgentRestController.queryNum(AgentRestController.java:200) - /queryNum start
2019-09-19 15:40:53,998 [INFO] - com.aiop.lda.controller.AgentRestController.querytopic(AgentRestController.java:209) - querytopic start
2019-09-19 15:40:54,004 [INFO] - com.aiop.lda.controller.AgentRestController.queryJiebaWord(AgentRestController.java:101) - queryStopWord start
2019-09-19 15:40:54,004 [INFO] - com.aiop.lda.controller.AgentRestController.queryStopWord(AgentRestController.java:86) - queryStopWord start
2019-09-19 15:40:58,507 [INFO] - com.aiop.lda.controller.AgentRestController.queryPer(AgentRestController.java:193) - queryPer start
2019-09-19 15:40:58,510 [INFO] - com.aiop.lda.controller.AgentRestController.queryNum(AgentRestController.java:200) - /queryNum start
2019-09-19 15:40:58,518 [INFO] - com.aiop.lda.controller.AgentRestController.querytopic(AgentRestController.java:209) - querytopic start
2019-09-19 15:40:58,519 [INFO] - com.aiop.lda.controller.AgentRestController.queryStopWord(AgentRestController.java:86) - queryStopWord start
2019-09-19 15:40:58,523 [INFO] - com.aiop.lda.controller.AgentRestController.queryJiebaWord(AgentRestController.java:101) - queryStopWord start
2019-09-19 15:41:10,733 [INFO] - com.aiop.lda.controller.AgentRestController.queryPer(AgentRestController.java:193) - queryPer start
2019-09-19 15:41:10,735 [INFO] - com.aiop.lda.controller.AgentRestController.queryNum(AgentRestController.java:200) - /queryNum start
2019-09-19 15:41:10,744 [INFO] - com.aiop.lda.controller.AgentRestController.querytopic(AgentRestController.java:209) - querytopic start
2019-09-19 15:41:10,747 [INFO] - com.aiop.lda.controller.AgentRestController.queryStopWord(AgentRestController.java:86) - queryStopWord start
2019-09-19 15:41:10,753 [INFO] - com.aiop.lda.controller.AgentRestController.queryJiebaWord(AgentRestController.java:101) - queryStopWord start
2019-09-19 15:41:15,953 [INFO] - com.aiop.lda.controller.AgentRestController.queryNegWord(AgentRestController.java:116) - queryNegWord start
2019-09-19 15:41:19,557 [INFO] - com.aiop.lda.controller.AgentRestController.querylog(AgentRestController.java:173) - querylog start
2019-09-19 15:41:19,563 [INFO] - com.aiop.lda.controller.AgentRestController.querylog(AgentRestController.java:173) - querylog start
2019-09-19 15:41:28,222 [INFO] - com.aiop.lda.controller.AgentRestController.querylog(AgentRestController.java:173) - querylog start
2019-09-19 15:41:28,226 [INFO] - com.aiop.lda.controller.AgentRestController.querylog(AgentRestController.java:173) - querylog start
2019-09-19 15:41:51,207 [INFO] - com.aiop.lda.controller.AgentRestController.querylog(AgentRestController.java:173) - querylog start
2019-09-19 15:41:51,207 [INFO] - com.aiop.lda.controller.AgentRestController.querylog(AgentRestController.java:173) - querylog start
2019-09-19 15:41:57,674 [INFO] - com.aiop.lda.controller.AgentRestController.querylog(AgentRestController.java:173) - querylog start
2019-09-19 15:41:57,679 [INFO] - com.aiop.lda.controller.AgentRestController.querylog(AgentRestController.java:173) - querylog start
2019-09-19 15:41:59,131 [INFO] - com.aiop.lda.controller.AgentRestController.queryNegWord(AgentRestController.java:116) - queryNegWord start
2019-09-19 15:41:59,847 [INFO] - com.aiop.lda.controller.AgentRestController.queryPer(AgentRestController.java:193) - queryPer start
2019-09-19 15:41:59,850 [INFO] - com.aiop.lda.controller.AgentRestController.queryNum(AgentRestController.java:200) - /queryNum start
2019-09-19 15:41:59,867 [INFO] - com.aiop.lda.controller.AgentRestController.queryStopWord(AgentRestController.java:86) - queryStopWord start
2019-09-19 15:41:59,868 [INFO] - com.aiop.lda.controller.AgentRestController.querytopic(AgentRestController.java:209) - querytopic start
2019-09-19 15:41:59,872 [INFO] - com.aiop.lda.controller.AgentRestController.queryJiebaWord(AgentRestController.java:101) - queryStopWord start
2019-09-19 15:42:02,714 [INFO] - com.aiop.lda.controller.AgentRestController.queryNegWord(AgentRestController.java:116) - queryNegWord start
2019-09-19 15:42:07,118 [INFO] - com.aiop.lda.controller.AgentRestController.queryPer(AgentRestController.java:193) - queryPer start
2019-09-19 15:42:07,128 [INFO] - com.aiop.lda.controller.AgentRestController.querytopic(AgentRestController.java:209) - querytopic start
2019-09-19 15:42:07,127 [INFO] - com.aiop.lda.controller.AgentRestController.queryNum(AgentRestController.java:200) - /queryNum start
2019-09-19 15:42:07,136 [INFO] - com.aiop.lda.controller.AgentRestController.queryStopWord(AgentRestController.java:86) - queryStopWord start
2019-09-19 15:42:07,140 [INFO] - com.aiop.lda.controller.AgentRestController.queryJiebaWord(AgentRestController.java:101) - queryStopWord start
2019-09-19 15:42:10,928 [INFO] - com.aiop.lda.controller.AgentRestController.queryNegWord(AgentRestController.java:116) - queryNegWord start
2019-09-19 15:42:11,692 [INFO] - com.aiop.lda.controller.AgentRestController.queryPer(AgentRestController.java:193) - queryPer start
2019-09-19 15:42:11,697 [INFO] - com.aiop.lda.controller.AgentRestController.queryNum(AgentRestController.java:200) - /queryNum start
2019-09-19 15:42:11,715 [INFO] - com.aiop.lda.controller.AgentRestController.querytopic(AgentRestController.java:209) - querytopic start
2019-09-19 15:42:11,720 [INFO] - com.aiop.lda.controller.AgentRestController.queryStopWord(AgentRestController.java:86) - queryStopWord start
2019-09-19 15:42:11,728 [INFO] - com.aiop.lda.controller.AgentRestController.queryJiebaWord(AgentRestController.java:101) - queryStopWord start
2019-09-19 15:42:12,293 [INFO] - com.aiop.lda.controller.AgentRestController.queryNegWord(AgentRestController.java:116) - queryNegWord start
2019-09-19 15:42:13,871 [INFO] - com.aiop.lda.controller.AgentRestController.queryPer(AgentRestController.java:193) - queryPer start
2019-09-19 15:42:13,879 [INFO] - com.aiop.lda.controller.AgentRestController.queryNum(AgentRestController.java:200) - /queryNum start
2019-09-19 15:42:13,880 [INFO] - com.aiop.lda.controller.AgentRestController.querytopic(AgentRestController.java:209) - querytopic start
2019-09-19 15:42:13,888 [INFO] - com.aiop.lda.controller.AgentRestController.queryStopWord(AgentRestController.java:86) - queryStopWord start
2019-09-19 15:42:13,891 [INFO] - com.aiop.lda.controller.AgentRestController.queryJiebaWord(AgentRestController.java:101) - queryStopWord start
2019-09-19 15:42:14,310 [INFO] - com.aiop.lda.controller.AgentRestController.queryNegWord(AgentRestController.java:116) - queryNegWord start
2019-09-19 15:42:15,967 [INFO] - com.aiop.lda.controller.AgentRestController.queryNegWord(AgentRestController.java:116) - queryNegWord start
2019-09-19 15:42:19,547 [INFO] - com.aiop.lda.controller.AgentRestController.queryPer(AgentRestController.java:193) - queryPer start
2019-09-19 15:42:19,559 [INFO] - com.aiop.lda.controller.AgentRestController.queryNum(AgentRestController.java:200) - /queryNum start
2019-09-19 15:42:19,576 [INFO] - com.aiop.lda.controller.AgentRestController.queryStopWord(AgentRestController.java:86) - queryStopWord start
2019-09-19 15:42:19,577 [INFO] - com.aiop.lda.controller.AgentRestController.querytopic(AgentRestController.java:209) - querytopic start
2019-09-19 15:42:19,578 [INFO] - com.aiop.lda.controller.AgentRestController.queryJiebaWord(AgentRestController.java:101) - queryStopWord start
2019-09-19 15:42:24,225 [INFO] - com.aiop.lda.controller.AgentRestController.queryNegWord(AgentRestController.java:116) - queryNegWord start
2019-09-19 15:42:25,307 [INFO] - com.aiop.lda.controller.AgentRestController.queryPer(AgentRestController.java:193) - queryPer start
2019-09-19 15:42:25,313 [INFO] - com.aiop.lda.controller.AgentRestController.querytopic(AgentRestController.java:209) - querytopic start
2019-09-19 15:42:25,313 [INFO] - com.aiop.lda.controller.AgentRestController.queryNum(AgentRestController.java:200) - /queryNum start
2019-09-19 15:42:25,327 [INFO] - com.aiop.lda.controller.AgentRestController.queryStopWord(AgentRestController.java:86) - queryStopWord start
2019-09-19 15:42:25,329 [INFO] - com.aiop.lda.controller.AgentRestController.queryJiebaWord(AgentRestController.java:101) - queryStopWord start
2019-09-19 15:42:26,276 [INFO] - com.aiop.lda.controller.AgentRestController.queryNegWord(AgentRestController.java:116) - queryNegWord start
2019-09-19 15:42:26,791 [INFO] - com.aiop.lda.controller.AgentRestController.queryPer(AgentRestController.java:193) - queryPer start
2019-09-19 15:42:26,796 [INFO] - com.aiop.lda.controller.AgentRestController.queryNum(AgentRestController.java:200) - /queryNum start
2019-09-19 15:42:26,807 [INFO] - com.aiop.lda.controller.AgentRestController.querytopic(AgentRestController.java:209) - querytopic start
2019-09-19 15:42:26,810 [INFO] - com.aiop.lda.controller.AgentRestController.queryStopWord(AgentRestController.java:86) - queryStopWord start
2019-09-19 15:42:26,812 [INFO] - com.aiop.lda.controller.AgentRestController.queryJiebaWord(AgentRestController.java:101) - queryStopWord start
2019-09-19 15:42:29,899 [INFO] - com.aiop.lda.controller.AgentRestController.queryPer(AgentRestController.java:193) - queryPer start
2019-09-19 15:42:29,905 [INFO] - com.aiop.lda.controller.AgentRestController.queryNum(AgentRestController.java:200) - /queryNum start
2019-09-19 15:42:29,915 [INFO] - com.aiop.lda.controller.AgentRestController.querytopic(AgentRestController.java:209) - querytopic start
2019-09-19 15:42:29,920 [INFO] - com.aiop.lda.controller.AgentRestController.queryStopWord(AgentRestController.java:86) - queryStopWord start
2019-09-19 15:42:29,923 [INFO] - com.aiop.lda.controller.AgentRestController.queryJiebaWord(AgentRestController.java:101) - queryStopWord start
2019-09-19 15:42:38,518 [INFO] - com.aiop.lda.controller.AgentRestController.queryPer(AgentRestController.java:193) - queryPer start
2019-09-19 15:42:38,526 [INFO] - com.aiop.lda.controller.AgentRestController.queryNum(AgentRestController.java:200) - /queryNum start
2019-09-19 15:42:38,536 [INFO] - com.aiop.lda.controller.AgentRestController.queryStopWord(AgentRestController.java:86) - queryStopWord start
2019-09-19 15:42:38,542 [INFO] - com.aiop.lda.controller.AgentRestController.querytopic(AgentRestController.java:209) - querytopic start
2019-09-19 15:42:38,545 [INFO] - com.aiop.lda.controller.AgentRestController.queryJiebaWord(AgentRestController.java:101) - queryStopWord start
